<?xml version="1.0" encoding="UTF-8"?>
<testsuite xmlns:xsi="http://www.w3.org/2001/XMLSchema-instance" xsi:noNamespaceSchemaLocation="https://maven.apache.org/surefire/maven-surefire-plugin/xsd/surefire-test-report-3.0.xsd" version="3.0" name="com.hermes.sdk.service.RunServiceTest" time="0.032" tests="8" errors="0" skipped="0" failures="0">
  <properties>
[...]
</properties>
  <testcase name="testStartRunSuccess" classname="com.hermes.sdk.service.RunServiceTest" time="0.017">
    <system-out><![CDATA[10:56:53.928 [main] INFO  com.hermes.sdk.service.RunService - [HERMES_RUN_START] 启动异步 Agent: message=hello, model=null, mode=null
10:56:53.929 [main] INFO  com.hermes.sdk.service.RunService - [HERMES_RUN_START] 成功: run_id=r1
]]></system-out>
  </testcase>
  <testcase name="testApproveRun403" classname="com.hermes.sdk.service.RunServiceTest" time="0.002">
    <system-out><![CDATA[10:56:53.943 [main] INFO  com.hermes.sdk.service.RunService - [HERMES_RUN_APPROVAL] 解决待审批: run_id=r1, approval=approve
10:56:53.944 [main] ERROR com.hermes.sdk.service.RunService - [HERMES_RUN_APPROVAL] 失败: http=403, body=forbidden
]]></system-out>
  </testcase>
  <testcase name="testStartRunWithOptions" classname="com.hermes.sdk.service.RunServiceTest" time="0.002">
    <system-out><![CDATA[10:56:53.945 [main] INFO  com.hermes.sdk.service.RunService - [HERMES_RUN_START] 启动异步 Agent: message=task, model=gpt-4, mode=agent
10:56:53.946 [main] INFO  com.hermes.sdk.service.RunService - [HERMES_RUN_START] 成功: run_id=r2
]]></system-out>
  </testcase>
  <testcase name="testGetRunStatus404" classname="com.hermes.sdk.service.RunServiceTest" time="0.001">
    <system-out><![CDATA[10:56:53.948 [main] INFO  com.hermes.sdk.service.RunService - [HERMES_RUN_STATUS] 查询运行状态: run_id=not-exist
10:56:53.948 [main] ERROR com.hermes.sdk.service.RunService - [HERMES_RUN_STATUS] 失败: http=404, body=not found
]]></system-out>
  </testcase>
  <testcase name="testGetRunStatusSuccess" classname="com.hermes.sdk.service.RunServiceTest" time="0.001">
    <system-out><![CDATA[10:56:53.949 [main] INFO  com.hermes.sdk.service.RunService - [HERMES_RUN_STATUS] 查询运行状态: run_id=r1
10:56:53.950 [main] INFO  com.hermes.sdk.service.RunService - [HERMES_RUN_STATUS] 成功: status=completed
]]></system-out>
  </testcase>
  <testcase name="testApproveRunApprove" classname="com.hermes.sdk.service.RunServiceTest" time="0.003">
    <system-out><![CDATA[10:56:53.951 [main] INFO  com.hermes.sdk.service.RunService - [HERMES_RUN_APPROVAL] 解决待审批: run_id=r1, approval=approve
10:56:53.952 [main] INFO  com.hermes.sdk.service.RunService - [HERMES_RUN_APPROVAL] 成功
]]></system-out>
  </testcase>
  <testcase name="testApproveRunReject" classname="com.hermes.sdk.service.RunServiceTest" time="0.001">
    <system-out><![CDATA[10:56:53.954 [main] INFO  com.hermes.sdk.service.RunService - [HERMES_RUN_APPROVAL] 解决待审批: run_id=r1, approval=reject
10:56:53.954 [main] INFO  com.hermes.sdk.service.RunService - [HERMES_RUN_APPROVAL] 成功
]]></system-out>
  </testcase>
  <testcase name="testStartRun500" classname="com.hermes.sdk.service.RunServiceTest" time="0.001">
    <system-out><![CDATA[10:56:53.955 [main] INFO  com.hermes.sdk.service.RunService - [HERMES_RUN_START] 启动异步 Agent: message=msg, model=null, mode=null
10:56:53.956 [main] ERROR com.hermes.sdk.service.RunService - [HERMES_RUN_START] 失败: http=500, body=server error
]]></system-out>
  </testcase>
</testsuite>