<?xml version="1.0" encoding="UTF-8"?>
<testsuite xmlns:xsi="http://www.w3.org/2001/XMLSchema-instance" xsi:noNamespaceSchemaLocation="https://maven.apache.org/surefire/maven-surefire-plugin/xsd/surefire-test-report-3.0.xsd" version="3.0" name="com.hermes.sdk.service.SkillServiceTest" time="0.017" tests="11" errors="0" skipped="0" failures="0">
  <properties>
[...]
</properties>
  <testcase name="testExecuteAsyncSuccess" classname="com.hermes.sdk.service.SkillServiceTest" time="0.002">
    <system-out><![CDATA[10:56:53.958 [main] INFO  com.hermes.sdk.service.SkillService - [HERMES_SKILL_ASYNC_START] skillName=rpg-design, task=task, async=true
10:56:53.959 [Hermes-Skill-958] INFO  com.hermes.sdk.service.SkillService - [HERMES_SKILL_ACTIVATE] skillName=rpg-design, task=task
10:56:53.959 [Hermes-Skill-958] INFO  com.hermes.sdk.service.SkillService - [HERMES_SKILL_ACTIVATE] skillName=rpg-design, resultSize=12 chars
10:56:53.959 [Hermes-Skill-958] INFO  com.hermes.sdk.service.SkillService - [HERMES_SKILL_ASYNC_DONE] skillName=rpg-design, done, resultSize=12 chars
]]></system-out>
  </testcase>
  <testcase name="testExecuteAsyncException" classname="com.hermes.sdk.service.SkillServiceTest" time="0.001">
    <system-out><![CDATA[10:56:53.960 [main] INFO  com.hermes.sdk.service.SkillService - [HERMES_SKILL_ASYNC_START] skillName=rpg-design, task=task, async=true
10:56:53.960 [Hermes-Skill-960] INFO  com.hermes.sdk.service.SkillService - [HERMES_SKILL_ACTIVATE] skillName=rpg-design, task=task
10:56:53.961 [Hermes-Skill-960] ERROR com.hermes.sdk.service.SkillService - [HERMES_SKILL_ACTIVATE] skillName=rpg-design, failed: errorCode=API_ERROR, msg=SKILL_ERROR
10:56:53.961 [Hermes-Skill-960] ERROR com.hermes.sdk.service.SkillService - [HERMES_SKILL_ASYNC_ERROR] skillName=rpg-design, async failed: errorCode=API_ERROR, msg=SKILL_ERROR
]]></system-out>
  </testcase>
  <testcase name="testExecuteExceptionPropagated" classname="com.hermes.sdk.service.SkillServiceTest" time="0.001">
    <system-out><![CDATA[10:56:53.963 [main] INFO  com.hermes.sdk.service.SkillService - [HERMES_SKILL_ACTIVATE] skillName=rpg-design, task=task
10:56:53.963 [main] ERROR com.hermes.sdk.service.SkillService - [HERMES_SKILL_ACTIVATE] skillName=rpg-design, failed: errorCode=API_ERROR, msg=SKILL_ERROR
]]></system-out>
  </testcase>
  <testcase name="testExecuteSuccess" classname="com.hermes.sdk.service.SkillServiceTest" time="0.001">
    <system-out><![CDATA[10:56:53.964 [main] INFO  com.hermes.sdk.service.SkillService - [HERMES_SKILL_ACTIVATE] skillName=rpg-design, task=task-content
10:56:53.964 [main] INFO  com.hermes.sdk.service.SkillService - [HERMES_SKILL_ACTIVATE] skillName=rpg-design, resultSize=6 chars
]]></system-out>
  </testcase>
  <testcase name="testGenerateBid" classname="com.hermes.sdk.service.SkillServiceTest" time="0.003">
    <system-out><![CDATA[10:56:53.967 [main] INFO  com.hermes.sdk.service.SkillService - [HERMES_SKILL_ACTIVATE] generateBid, requirementLength=11
10:56:53.967 [main] INFO  com.hermes.sdk.service.SkillService - [HERMES_SKILL_ACTIVATE] skillName=tender-writing, task=根据以下需求生成投标书：

requirement
10:56:53.967 [main] INFO  com.hermes.sdk.service.SkillService - [HERMES_SKILL_ACTIVATE] skillName=tender-writing, resultSize=7 chars
]]></system-out>
  </testcase>
  <testcase name="testWriteNovelChapter" classname="com.hermes.sdk.service.SkillServiceTest" time="0.0">
    <system-out><![CDATA[10:56:53.968 [main] INFO  com.hermes.sdk.service.SkillService - [HERMES_SKILL_ACTIVATE] writeNovelChapter, outlineLength=7
10:56:53.968 [main] INFO  com.hermes.sdk.service.SkillService - [HERMES_SKILL_ACTIVATE] skillName=novel-writing, task=根据以下大纲写小说章节：

outline
10:56:53.968 [main] INFO  com.hermes.sdk.service.SkillService - [HERMES_SKILL_ACTIVATE] skillName=novel-writing, resultSize=7 chars
]]></system-out>
  </testcase>
  <testcase name="testGenerateDesign" classname="com.hermes.sdk.service.SkillServiceTest" time="0.001">
    <system-out><![CDATA[10:56:53.969 [main] INFO  com.hermes.sdk.service.SkillService - [HERMES_SKILL_ACTIVATE] generateDesign, sourceLength=11
10:56:53.969 [main] INFO  com.hermes.sdk.service.SkillService - [HERMES_SKILL_ACTIVATE] skillName=rpg-design, task=基于以下源码生成设计文档：

source code
10:56:53.970 [main] INFO  com.hermes.sdk.service.SkillService - [HERMES_SKILL_ACTIVATE] skillName=rpg-design, resultSize=6 chars
]]></system-out>
  </testcase>
  <testcase name="testShutdown" classname="com.hermes.sdk.service.SkillServiceTest" time="0.001">
    <system-out><![CDATA[10:56:53.971 [main] INFO  com.hermes.sdk.service.SkillService - [HERMES_SESSION_CLEAR] shutdown executor
]]></system-out>
  </testcase>
  <testcase name="testTranslatePythonToJava" classname="com.hermes.sdk.service.SkillServiceTest" time="0.001">
    <system-out><![CDATA[10:56:53.972 [main] INFO  com.hermes.sdk.service.SkillService - [HERMES_SKILL_ACTIVATE] translatePythonToJava, codeLength=11
10:56:53.972 [main] INFO  com.hermes.sdk.service.SkillService - [HERMES_SKILL_ACTIVATE] skillName=python-to-java, task=将以下 Python 代码翻译为 Java：

python code
10:56:53.972 [main] INFO  com.hermes.sdk.service.SkillService - [HERMES_SKILL_ACTIVATE] skillName=python-to-java, resultSize=9 chars
]]></system-out>
  </testcase>
  <testcase name="testReviewCode" classname="com.hermes.sdk.service.SkillServiceTest" time="0.001">
    <system-out><![CDATA[10:56:53.973 [main] INFO  com.hermes.sdk.service.SkillService - [HERMES_SKILL_ACTIVATE] reviewCode, codeLength=4
10:56:53.973 [main] INFO  com.hermes.sdk.service.SkillService - [HERMES_SKILL_ACTIVATE] skillName=code-review, task=审查以下代码：

code
10:56:53.973 [main] INFO  com.hermes.sdk.service.SkillService - [HERMES_SKILL_ACTIVATE] skillName=code-review, resultSize=6 chars
]]></system-out>
  </testcase>
  <testcase name="testRpgToJava" classname="com.hermes.sdk.service.SkillServiceTest" time="0.001">
    <system-out><![CDATA[10:56:53.974 [main] INFO  com.hermes.sdk.service.SkillService - [HERMES_SKILL_ACTIVATE] rpgToJava, sourceLength=15
10:56:53.974 [main] INFO  com.hermes.sdk.service.SkillService - [HERMES_SKILL_ACTIVATE] skillName=rpg-design, task=读取以下 RPG 源码，生成设计文档：

RPG SOURCE CODE
10:56:53.974 [main] INFO  com.hermes.sdk.service.SkillService - [HERMES_SKILL_ACTIVATE] skillName=rpg-design, resultSize=10 chars
]]></system-out>
  </testcase>
</testsuite>