<?xml version="1.0" encoding="UTF-8"?>
<testsuite xmlns:xsi="http://www.w3.org/2001/XMLSchema-instance" xsi:noNamespaceSchemaLocation="https://maven.apache.org/surefire/maven-surefire-plugin/xsd/surefire-test-report-3.0.xsd" version="3.0" name="com.hermes.sdk.client.ThreadSafeChatSessionTest" time="0.096" tests="14" errors="0" skipped="0" failures="0">
  <properties>
[...]
</properties>
  <testcase name="testSpecialCharacters" classname="com.hermes.sdk.client.ThreadSafeChatSessionTest" time="0.036">
    <system-out><![CDATA[10:56:53.466 [main] DEBUG com.hermes.sdk.client.ThreadSafeChatSession - [HERMES_CHAT_REQUEST] 发送消息: 特殊字符：<>"'&
	中文🎉
10:56:53.467 [main] DEBUG com.hermes.sdk.client.ThreadSafeChatSession - [HERMES_CHAT_RESPONSE] 收到响应: 17 chars, historySize=2
]]></system-out>
  </testcase>
  <testcase name="testMultiTurnConversation" classname="com.hermes.sdk.client.ThreadSafeChatSessionTest" time="0.002">
    <system-out><![CDATA[10:56:53.469 [main] DEBUG com.hermes.sdk.client.ThreadSafeChatSession - [HERMES_CHAT_REQUEST] 发送消息: 我想写小说
10:56:53.469 [main] DEBUG com.hermes.sdk.client.ThreadSafeChatSession - [HERMES_CHAT_RESPONSE] 收到响应: 17 chars, historySize=2
10:56:53.470 [main] DEBUG com.hermes.sdk.client.ThreadSafeChatSession - [HERMES_CHAT_REQUEST] 发送消息: 都市异能题材
10:56:53.470 [main] DEBUG com.hermes.sdk.client.ThreadSafeChatSession - [HERMES_CHAT_RESPONSE] 收到响应: 17 chars, historySize=4
10:56:53.470 [main] DEBUG com.hermes.sdk.client.ThreadSafeChatSession - [HERMES_CHAT_REQUEST] 发送消息: 主角可以读心
10:56:53.470 [main] DEBUG com.hermes.sdk.client.ThreadSafeChatSession - [HERMES_CHAT_RESPONSE] 收到响应: 17 chars, historySize=6
]]></system-out>
  </testcase>
  <testcase name="testChatWithSystemNullPrompt" classname="com.hermes.sdk.client.ThreadSafeChatSessionTest" time="0.002">
    <system-out><![CDATA[10:56:53.472 [main] DEBUG com.hermes.sdk.client.ThreadSafeChatSession - [HERMES_CHAT_REQUEST] systemPrompt=无, 消息: 普通消息
10:56:53.472 [main] DEBUG com.hermes.sdk.client.ThreadSafeChatSession - [HERMES_CHAT_RESPONSE] 收到响应: 17 chars
]]></system-out>
  </testcase>
  <testcase name="testHistoryImmutability" classname="com.hermes.sdk.client.ThreadSafeChatSessionTest" time="0.002">
    <system-out><![CDATA[10:56:53.474 [main] DEBUG com.hermes.sdk.client.ThreadSafeChatSession - [HERMES_CHAT_REQUEST] 发送消息: 测试
10:56:53.474 [main] DEBUG com.hermes.sdk.client.ThreadSafeChatSession - [HERMES_CHAT_RESPONSE] 收到响应: 17 chars, historySize=2
]]></system-out>
  </testcase>
  <testcase name="testLongMessage" classname="com.hermes.sdk.client.ThreadSafeChatSessionTest" time="0.005">
    <system-out><![CDATA[10:56:53.479 [main] DEBUG com.hermes.sdk.client.ThreadSafeChatSession - [HERMES_CHAT_REQUEST] 发送消息: aaaaaaaaaaaaaaaaaaaaaaaaaaaaaaaaaaaaaaaaaaaaaaaaaa...(length=10000)
10:56:53.480 [main] DEBUG com.hermes.sdk.client.ThreadSafeChatSession - [HERMES_CHAT_RESPONSE] 收到响应: 17 chars, historySize=2
]]></system-out>
  </testcase>
  <testcase name="testMultipleSessionsIsolation" classname="com.hermes.sdk.client.ThreadSafeChatSessionTest" time="0.002">
    <system-out><![CDATA[10:56:53.482 [main] DEBUG com.hermes.sdk.client.ThreadSafeChatSession - [HERMES_CHAT_REQUEST] 发送消息: 会话1的消息
10:56:53.482 [main] DEBUG com.hermes.sdk.client.ThreadSafeChatSession - [HERMES_CHAT_RESPONSE] 收到响应: 17 chars, historySize=2
10:56:53.482 [main] DEBUG com.hermes.sdk.client.ThreadSafeChatSession - [HERMES_CHAT_REQUEST] 发送消息: 会话2的消息
10:56:53.482 [main] DEBUG com.hermes.sdk.client.ThreadSafeChatSession - [HERMES_CHAT_RESPONSE] 收到响应: 17 chars, historySize=2
]]></system-out>
  </testcase>
  <testcase name="testConcurrentChat" classname="com.hermes.sdk.client.ThreadSafeChatSessionTest" time="0.005">
    <system-out><![CDATA[10:56:53.484 [pool-4-thread-1] DEBUG com.hermes.sdk.client.ThreadSafeChatSession - [HERMES_CHAT_REQUEST] 发送消息: 并发消息
10:56:53.484 [pool-4-thread-3] DEBUG com.hermes.sdk.client.ThreadSafeChatSession - [HERMES_CHAT_REQUEST] 发送消息: 并发消息
10:56:53.485 [pool-4-thread-2] DEBUG com.hermes.sdk.client.ThreadSafeChatSession - [HERMES_CHAT_REQUEST] 发送消息: 并发消息
10:56:53.485 [pool-4-thread-1] DEBUG com.hermes.sdk.client.ThreadSafeChatSession - [HERMES_CHAT_RESPONSE] 收到响应: 17 chars, historySize=4
10:56:53.485 [pool-4-thread-3] DEBUG com.hermes.sdk.client.ThreadSafeChatSession - [HERMES_CHAT_RESPONSE] 收到响应: 17 chars, historySize=5
10:56:53.485 [pool-4-thread-2] DEBUG com.hermes.sdk.client.ThreadSafeChatSession - [HERMES_CHAT_RESPONSE] 收到响应: 17 chars, historySize=6
10:56:53.485 [pool-4-thread-4] DEBUG com.hermes.sdk.client.ThreadSafeChatSession - [HERMES_CHAT_REQUEST] 发送消息: 并发消息
10:56:53.485 [pool-4-thread-5] DEBUG com.hermes.sdk.client.ThreadSafeChatSession - [HERMES_CHAT_REQUEST] 发送消息: 并发消息
10:56:53.486 [pool-4-thread-4] DEBUG com.hermes.sdk.client.ThreadSafeChatSession - [HERMES_CHAT_RESPONSE] 收到响应: 17 chars, historySize=9
10:56:53.486 [pool-4-thread-5] DEBUG com.hermes.sdk.client.ThreadSafeChatSession - [HERMES_CHAT_RESPONSE] 收到响应: 17 chars, historySize=10
10:56:53.486 [pool-4-thread-6] DEBUG com.hermes.sdk.client.ThreadSafeChatSession - [HERMES_CHAT_REQUEST] 发送消息: 并发消息
10:56:53.486 [pool-4-thread-7] DEBUG com.hermes.sdk.client.ThreadSafeChatSession - [HERMES_CHAT_REQUEST] 发送消息: 并发消息
10:56:53.486 [pool-4-thread-6] DEBUG com.hermes.sdk.client.ThreadSafeChatSession - [HERMES_CHAT_RESPONSE] 收到响应: 17 chars, historySize=12
10:56:53.487 [pool-4-thread-7] DEBUG com.hermes.sdk.client.ThreadSafeChatSession - [HERMES_CHAT_RESPONSE] 收到响应: 17 chars, historySize=14
10:56:53.487 [pool-4-thread-8] DEBUG com.hermes.sdk.client.ThreadSafeChatSession - [HERMES_CHAT_REQUEST] 发送消息: 并发消息
10:56:53.487 [pool-4-thread-8] DEBUG com.hermes.sdk.client.ThreadSafeChatSession - [HERMES_CHAT_RESPONSE] 收到响应: 17 chars, historySize=16
10:56:53.487 [pool-4-thread-9] DEBUG com.hermes.sdk.client.ThreadSafeChatSession - [HERMES_CHAT_REQUEST] 发送消息: 并发消息
10:56:53.487 [pool-4-thread-10] DEBUG com.hermes.sdk.client.ThreadSafeChatSession - [HERMES_CHAT_REQUEST] 发送消息: 并发消息
10:56:53.487 [pool-4-thread-9] DEBUG com.hermes.sdk.client.ThreadSafeChatSession - [HERMES_CHAT_RESPONSE] 收到响应: 17 chars, historySize=18
10:56:53.488 [pool-4-thread-10] DEBUG com.hermes.sdk.client.ThreadSafeChatSession - [HERMES_CHAT_RESPONSE] 收到响应: 17 chars, historySize=20
]]></system-out>
  </testcase>
  <testcase name="testHighConcurrencyChat" classname="com.hermes.sdk.client.ThreadSafeChatSessionTest" time="0.007">
    <system-out><![CDATA[10:56:53.490 [pool-5-thread-1] DEBUG com.hermes.sdk.client.ThreadSafeChatSession - [HERMES_CHAT_REQUEST] 发送消息: 并发消息
10:56:53.491 [pool-5-thread-3] DEBUG com.hermes.sdk.client.ThreadSafeChatSession - [HERMES_CHAT_REQUEST] 发送消息: 并发消息
10:56:53.491 [pool-5-thread-1] DEBUG com.hermes.sdk.client.ThreadSafeChatSession - [HERMES_CHAT_RESPONSE] 收到响应: 17 chars, historySize=2
10:56:53.491 [pool-5-thread-1] DEBUG com.hermes.sdk.client.ThreadSafeChatSession - [HERMES_CHAT_REQUEST] 发送消息: 并发消息2
10:56:53.491 [pool-5-thread-4] DEBUG com.hermes.sdk.client.ThreadSafeChatSession - [HERMES_CHAT_REQUEST] 发送消息: 并发消息
10:56:53.491 [pool-5-thread-5] DEBUG com.hermes.sdk.client.ThreadSafeChatSession - [HERMES_CHAT_REQUEST] 发送消息: 并发消息
10:56:53.490 [pool-5-thread-2] DEBUG com.hermes.sdk.client.ThreadSafeChatSession - [HERMES_CHAT_REQUEST] 发送消息: 并发消息
10:56:53.491 [pool-5-thread-1] DEBUG com.hermes.sdk.client.ThreadSafeChatSession - [HERMES_CHAT_RESPONSE] 收到响应: 17 chars, historySize=6
10:56:53.491 [pool-5-thread-1] DEBUG com.hermes.sdk.client.ThreadSafeChatSession - [HERMES_CHAT_REQUEST] 发送消息: 并发消息3
10:56:53.491 [pool-5-thread-3] DEBUG com.hermes.sdk.client.ThreadSafeChatSession - [HERMES_CHAT_RESPONSE] 收到响应: 17 chars, historySize=9
10:56:53.491 [pool-5-thread-1] DEBUG com.hermes.sdk.client.ThreadSafeChatSession - [HERMES_CHAT_RESPONSE] 收到响应: 17 chars, historySize=11
10:56:53.491 [pool-5-thread-3] DEBUG com.hermes.sdk.client.ThreadSafeChatSession - [HERMES_CHAT_REQUEST] 发送消息: 并发消息2
10:56:53.491 [pool-5-thread-2] DEBUG com.hermes.sdk.client.ThreadSafeChatSession - [HERMES_CHAT_RESPONSE] 收到响应: 17 chars, historySize=13
10:56:53.491 [pool-5-thread-4] DEBUG com.hermes.sdk.client.ThreadSafeChatSession - [HERMES_CHAT_RESPONSE] 收到响应: 17 chars, historySize=12
10:56:53.491 [pool-5-thread-6] DEBUG com.hermes.sdk.client.ThreadSafeChatSession - [HERMES_CHAT_REQUEST] 发送消息: 并发消息
10:56:53.492 [pool-5-thread-2] DEBUG com.hermes.sdk.client.ThreadSafeChatSession - [HERMES_CHAT_REQUEST] 发送消息: 并发消息2
10:56:53.492 [pool-5-thread-4] DEBUG com.hermes.sdk.client.ThreadSafeChatSession - [HERMES_CHAT_REQUEST] 发送消息: 并发消息2
10:56:53.492 [pool-5-thread-5] DEBUG com.hermes.sdk.client.ThreadSafeChatSession - [HERMES_CHAT_RESPONSE] 收到响应: 17 chars, historySize=15
10:56:53.492 [pool-5-thread-5] DEBUG com.hermes.sdk.client.ThreadSafeChatSession - [HERMES_CHAT_REQUEST] 发送消息: 并发消息2
10:56:53.492 [pool-5-thread-6] DEBUG com.hermes.sdk.client.ThreadSafeChatSession - [HERMES_CHAT_RESPONSE] 收到响应: 17 chars, historySize=18
10:56:53.492 [pool-5-thread-3] DEBUG com.hermes.sdk.client.ThreadSafeChatSession - [HERMES_CHAT_RESPONSE] 收到响应: 17 chars, historySize=16
10:56:53.492 [pool-5-thread-3] DEBUG com.hermes.sdk.client.ThreadSafeChatSession - [HERMES_CHAT_REQUEST] 发送消息: 并发消息3
10:56:53.492 [pool-5-thread-7] DEBUG com.hermes.sdk.client.ThreadSafeChatSession - [HERMES_CHAT_REQUEST] 发送消息: 并发消息
10:56:53.493 [pool-5-thread-3] DEBUG com.hermes.sdk.client.ThreadSafeChatSession - [HERMES_CHAT_RESPONSE] 收到响应: 17 chars, historySize=25
10:56:53.493 [pool-5-thread-8] DEBUG com.hermes.sdk.client.ThreadSafeChatSession - [HERMES_CHAT_REQUEST] 发送消息: 并发消息
10:56:53.492 [pool-5-thread-4] DEBUG com.hermes.sdk.client.ThreadSafeChatSession - [HERMES_CHAT_RESPONSE] 收到响应: 17 chars, historySize=20
10:56:53.493 [pool-5-thread-7] DEBUG com.hermes.sdk.client.ThreadSafeChatSession - [HERMES_CHAT_RESPONSE] 收到响应: 17 chars, historySize=27
10:56:53.493 [pool-5-thread-7] DEBUG com.hermes.sdk.client.ThreadSafeChatSession - [HERMES_CHAT_REQUEST] 发送消息: 并发消息2
10:56:53.493 [pool-5-thread-9] DEBUG com.hermes.sdk.client.ThreadSafeChatSession - [HERMES_CHAT_REQUEST] 发送消息: 并发消息
10:56:53.493 [pool-5-thread-6] DEBUG com.hermes.sdk.client.ThreadSafeChatSession - [HERMES_CHAT_REQUEST] 发送消息: 并发消息2
10:56:53.493 [pool-5-thread-7] DEBUG com.hermes.sdk.client.ThreadSafeChatSession - [HERMES_CHAT_RESPONSE] 收到响应: 17 chars, historySize=31
10:56:53.493 [pool-5-thread-7] DEBUG com.hermes.sdk.client.ThreadSafeChatSession - [HERMES_CHAT_REQUEST] 发送消息: 并发消息3
10:56:53.492 [pool-5-thread-2] DEBUG com.hermes.sdk.client.ThreadSafeChatSession - [HERMES_CHAT_RESPONSE] 收到响应: 17 chars, historySize=23
10:56:53.493 [pool-5-thread-10] DEBUG com.hermes.sdk.client.ThreadSafeChatSession - [HERMES_CHAT_REQUEST] 发送消息: 并发消息
10:56:53.493 [pool-5-thread-2] DEBUG com.hermes.sdk.client.ThreadSafeChatSession - [HERMES_CHAT_REQUEST] 发送消息: 并发消息3
10:56:53.493 [pool-5-thread-2] DEBUG com.hermes.sdk.client.ThreadSafeChatSession - [HERMES_CHAT_RESPONSE] 收到响应: 17 chars, historySize=36
10:56:53.493 [pool-5-thread-8] DEBUG com.hermes.sdk.client.ThreadSafeChatSession - [HERMES_CHAT_RESPONSE] 收到响应: 17 chars, historySize=35
10:56:53.494 [pool-5-thread-8] DEBUG com.hermes.sdk.client.ThreadSafeChatSession - [HERMES_CHAT_REQUEST] 发送消息: 并发消息2
10:56:53.494 [pool-5-thread-7] DEBUG com.hermes.sdk.client.ThreadSafeChatSession - [HERMES_CHAT_RESPONSE] 收到响应: 17 chars, historySize=38
10:56:53.493 [pool-5-thread-4] DEBUG com.hermes.sdk.client.ThreadSafeChatSession - [HERMES_CHAT_REQUEST] 发送消息: 并发消息3
10:56:53.494 [pool-5-thread-8] DEBUG com.hermes.sdk.client.ThreadSafeChatSession - [HERMES_CHAT_RESPONSE] 收到响应: 17 chars, historySize=41
10:56:53.494 [pool-5-thread-9] DEBUG com.hermes.sdk.client.ThreadSafeChatSession - [HERMES_CHAT_RESPONSE] 收到响应: 17 chars, historySize=40
10:56:53.494 [pool-5-thread-4] DEBUG com.hermes.sdk.client.ThreadSafeChatSession - [HERMES_CHAT_RESPONSE] 收到响应: 17 chars, historySize=43
10:56:53.494 [pool-5-thread-8] DEBUG com.hermes.sdk.client.ThreadSafeChatSession - [HERMES_CHAT_REQUEST] 发送消息: 并发消息3
10:56:53.494 [pool-5-thread-9] DEBUG com.hermes.sdk.client.ThreadSafeChatSession - [HERMES_CHAT_REQUEST] 发送消息: 并发消息2
10:56:53.494 [pool-5-thread-8] DEBUG com.hermes.sdk.client.ThreadSafeChatSession - [HERMES_CHAT_RESPONSE] 收到响应: 17 chars, historySize=46
10:56:53.495 [pool-5-thread-9] DEBUG com.hermes.sdk.client.ThreadSafeChatSession - [HERMES_CHAT_RESPONSE] 收到响应: 17 chars, historySize=47
10:56:53.495 [pool-5-thread-9] DEBUG com.hermes.sdk.client.ThreadSafeChatSession - [HERMES_CHAT_REQUEST] 发送消息: 并发消息3
10:56:53.495 [pool-5-thread-9] DEBUG com.hermes.sdk.client.ThreadSafeChatSession - [HERMES_CHAT_RESPONSE] 收到响应: 17 chars, historySize=49
]]></system-out>
  </testcase>
  <testcase name="testReadWriteLockNoDeadlock" classname="com.hermes.sdk.client.ThreadSafeChatSessionTest" time="0.011">
    <system-out><![CDATA[10:56:53.499 [pool-6-thread-2] DEBUG com.hermes.sdk.client.ThreadSafeChatSession - [HERMES_CHAT_REQUEST] 发送消息: 消息-0
10:56:53.499 [pool-6-thread-1] DEBUG com.hermes.sdk.client.ThreadSafeChatSession - [HERMES_CHAT_REQUEST] 发送消息: 消息-0
10:56:53.499 [pool-6-thread-3] DEBUG com.hermes.sdk.client.ThreadSafeChatSession - [HERMES_CHAT_REQUEST] 发送消息: 消息-0
10:56:53.499 [pool-6-thread-2] DEBUG com.hermes.sdk.client.ThreadSafeChatSession - [HERMES_CHAT_RESPONSE] 收到响应: 17 chars, historySize=3
10:56:53.499 [pool-6-thread-2] DEBUG com.hermes.sdk.client.ThreadSafeChatSession - [HERMES_CHAT_REQUEST] 发送消息: 消息-1
10:56:53.499 [pool-6-thread-5] DEBUG com.hermes.sdk.client.ThreadSafeChatSession - [HERMES_CHAT_REQUEST] 发送消息: 消息-0
10:56:53.499 [pool-6-thread-4] DEBUG com.hermes.sdk.client.ThreadSafeChatSession - [HERMES_CHAT_REQUEST] 发送消息: 消息-0
10:56:53.500 [pool-6-thread-1] DEBUG com.hermes.sdk.client.ThreadSafeChatSession - [HERMES_CHAT_RESPONSE] 收到响应: 17 chars, historySize=6
10:56:53.500 [pool-6-thread-3] DEBUG com.hermes.sdk.client.ThreadSafeChatSession - [HERMES_CHAT_RESPONSE] 收到响应: 17 chars, historySize=6
10:56:53.500 [pool-6-thread-2] DEBUG com.hermes.sdk.client.ThreadSafeChatSession - [HERMES_CHAT_RESPONSE] 收到响应: 17 chars, historySize=8
10:56:53.500 [pool-6-thread-5] DEBUG com.hermes.sdk.client.ThreadSafeChatSession - [HERMES_CHAT_RESPONSE] 收到响应: 17 chars, historySize=10
10:56:53.500 [pool-6-thread-5] DEBUG com.hermes.sdk.client.ThreadSafeChatSession - [HERMES_CHAT_REQUEST] 发送消息: 消息-1
10:56:53.500 [pool-6-thread-4] DEBUG com.hermes.sdk.client.ThreadSafeChatSession - [HERMES_CHAT_RESPONSE] 收到响应: 17 chars, historySize=13
10:56:53.500 [pool-6-thread-5] DEBUG com.hermes.sdk.client.ThreadSafeChatSession - [HERMES_CHAT_RESPONSE] 收到响应: 17 chars, historySize=14
10:56:53.500 [pool-6-thread-4] DEBUG com.hermes.sdk.client.ThreadSafeChatSession - [HERMES_CHAT_REQUEST] 发送消息: 消息-1
10:56:53.500 [pool-6-thread-5] DEBUG com.hermes.sdk.client.ThreadSafeChatSession - [HERMES_CHAT_REQUEST] 发送消息: 消息-2
10:56:53.501 [pool-6-thread-1] DEBUG com.hermes.sdk.client.ThreadSafeChatSession - [HERMES_CHAT_REQUEST] 发送消息: 消息-1
10:56:53.501 [pool-6-thread-2] DEBUG com.hermes.sdk.client.ThreadSafeChatSession - [HERMES_CHAT_REQUEST] 发送消息: 消息-2
10:56:53.501 [pool-6-thread-5] DEBUG com.hermes.sdk.client.ThreadSafeChatSession - [HERMES_CHAT_RESPONSE] 收到响应: 17 chars, historySize=19
10:56:53.501 [pool-6-thread-5] DEBUG com.hermes.sdk.client.ThreadSafeChatSession - [HERMES_CHAT_REQUEST] 发送消息: 消息-3
10:56:53.501 [pool-6-thread-3] DEBUG com.hermes.sdk.client.ThreadSafeChatSession - [HERMES_CHAT_REQUEST] 发送消息: 消息-1
10:56:53.501 [pool-6-thread-5] DEBUG com.hermes.sdk.client.ThreadSafeChatSession - [HERMES_CHAT_RESPONSE] 收到响应: 17 chars, historySize=24
10:56:53.501 [pool-6-thread-5] DEBUG com.hermes.sdk.client.ThreadSafeChatSession - [HERMES_CHAT_REQUEST] 发送消息: 消息-4
10:56:53.501 [pool-6-thread-3] DEBUG com.hermes.sdk.client.ThreadSafeChatSession - [HERMES_CHAT_RESPONSE] 收到响应: 17 chars, historySize=26
10:56:53.501 [pool-6-thread-2] DEBUG com.hermes.sdk.client.ThreadSafeChatSession - [HERMES_CHAT_RESPONSE] 收到响应: 17 chars, historySize=25
10:56:53.501 [pool-6-thread-5] DEBUG com.hermes.sdk.client.ThreadSafeChatSession - [HERMES_CHAT_RESPONSE] 收到响应: 17 chars, historySize=28
10:56:53.501 [pool-6-thread-2] DEBUG com.hermes.sdk.client.ThreadSafeChatSession - [HERMES_CHAT_REQUEST] 发送消息: 消息-3
10:56:53.501 [pool-6-thread-1] DEBUG com.hermes.sdk.client.ThreadSafeChatSession - [HERMES_CHAT_RESPONSE] 收到响应: 17 chars, historySize=17
10:56:53.501 [pool-6-thread-3] DEBUG com.hermes.sdk.client.ThreadSafeChatSession - [HERMES_CHAT_REQUEST] 发送消息: 消息-2
10:56:53.501 [pool-6-thread-1] DEBUG com.hermes.sdk.client.ThreadSafeChatSession - [HERMES_CHAT_REQUEST] 发送消息: 消息-2
10:56:53.501 [pool-6-thread-4] DEBUG com.hermes.sdk.client.ThreadSafeChatSession - [HERMES_CHAT_RESPONSE] 收到响应: 17 chars, historySize=20
10:56:53.502 [pool-6-thread-2] DEBUG com.hermes.sdk.client.ThreadSafeChatSession - [HERMES_CHAT_RESPONSE] 收到响应: 17 chars, historySize=31
10:56:53.502 [pool-6-thread-1] DEBUG com.hermes.sdk.client.ThreadSafeChatSession - [HERMES_CHAT_RESPONSE] 收到响应: 17 chars, historySize=32
10:56:53.502 [pool-6-thread-4] DEBUG com.hermes.sdk.client.ThreadSafeChatSession - [HERMES_CHAT_REQUEST] 发送消息: 消息-2
10:56:53.502 [pool-6-thread-1] DEBUG com.hermes.sdk.client.ThreadSafeChatSession - [HERMES_CHAT_REQUEST] 发送消息: 消息-3
10:56:53.502 [pool-6-thread-2] DEBUG com.hermes.sdk.client.ThreadSafeChatSession - [HERMES_CHAT_REQUEST] 发送消息: 消息-4
10:56:53.502 [pool-6-thread-4] DEBUG com.hermes.sdk.client.ThreadSafeChatSession - [HERMES_CHAT_RESPONSE] 收到响应: 17 chars, historySize=37
10:56:53.502 [pool-6-thread-1] DEBUG com.hermes.sdk.client.ThreadSafeChatSession - [HERMES_CHAT_RESPONSE] 收到响应: 17 chars, historySize=39
10:56:53.501 [pool-6-thread-5] DEBUG com.hermes.sdk.client.ThreadSafeChatSession - [HERMES_CHAT_REQUEST] 发送消息: 消息-5
10:56:53.502 [pool-6-thread-1] DEBUG com.hermes.sdk.client.ThreadSafeChatSession - [HERMES_CHAT_REQUEST] 发送消息: 消息-4
10:56:53.502 [pool-6-thread-3] DEBUG com.hermes.sdk.client.ThreadSafeChatSession - [HERMES_CHAT_RESPONSE] 收到响应: 17 chars, historySize=36
10:56:53.502 [pool-6-thread-4] DEBUG com.hermes.sdk.client.ThreadSafeChatSession - [HERMES_CHAT_REQUEST] 发送消息: 消息-3
10:56:53.502 [pool-6-thread-1] DEBUG com.hermes.sdk.client.ThreadSafeChatSession - [HERMES_CHAT_RESPONSE] 收到响应: 17 chars, historySize=42
10:56:53.502 [pool-6-thread-3] DEBUG com.hermes.sdk.client.ThreadSafeChatSession - [HERMES_CHAT_REQUEST] 发送消息: 消息-3
10:56:53.502 [pool-6-thread-1] DEBUG com.hermes.sdk.client.ThreadSafeChatSession - [HERMES_CHAT_REQUEST] 发送消息: 消息-5
10:56:53.502 [pool-6-thread-3] DEBUG com.hermes.sdk.client.ThreadSafeChatSession - [HERMES_CHAT_RESPONSE] 收到响应: 17 chars, historySize=46
10:56:53.502 [pool-6-thread-3] DEBUG com.hermes.sdk.client.ThreadSafeChatSession - [HERMES_CHAT_REQUEST] 发送消息: 消息-4
10:56:53.503 [pool-6-thread-1] DEBUG com.hermes.sdk.client.ThreadSafeChatSession - [HERMES_CHAT_RESPONSE] 收到响应: 17 chars, historySize=47
10:56:53.503 [pool-6-thread-4] DEBUG com.hermes.sdk.client.ThreadSafeChatSession - [HERMES_CHAT_RESPONSE] 收到响应: 17 chars, historySize=48
10:56:53.503 [pool-6-thread-3] DEBUG com.hermes.sdk.client.ThreadSafeChatSession - [HERMES_CHAT_RESPONSE] 收到响应: 17 chars, historySize=50
10:56:53.503 [pool-6-thread-1] DEBUG com.hermes.sdk.client.ThreadSafeChatSession - [HERMES_CHAT_REQUEST] 发送消息: 消息-6
10:56:53.503 [pool-6-thread-4] DEBUG com.hermes.sdk.client.ThreadSafeChatSession - [HERMES_CHAT_REQUEST] 发送消息: 消息-4
10:56:53.503 [pool-6-thread-3] DEBUG com.hermes.sdk.client.ThreadSafeChatSession - [HERMES_CHAT_REQUEST] 发送消息: 消息-5
10:56:53.503 [pool-6-thread-1] DEBUG com.hermes.sdk.client.ThreadSafeChatSession - [HERMES_CHAT_RESPONSE] 收到响应: 17 chars, historySize=54
10:56:53.503 [pool-6-thread-4] DEBUG com.hermes.sdk.client.ThreadSafeChatSession - [HERMES_CHAT_RESPONSE] 收到响应: 17 chars, historySize=55
10:56:53.503 [pool-6-thread-3] DEBUG com.hermes.sdk.client.ThreadSafeChatSession - [HERMES_CHAT_RESPONSE] 收到响应: 17 chars, historySize=56
10:56:53.503 [pool-6-thread-4] DEBUG com.hermes.sdk.client.ThreadSafeChatSession - [HERMES_CHAT_REQUEST] 发送消息: 消息-5
10:56:53.503 [pool-6-thread-1] DEBUG com.hermes.sdk.client.ThreadSafeChatSession - [HERMES_CHAT_REQUEST] 发送消息: 消息-7
10:56:53.503 [pool-6-thread-3] DEBUG com.hermes.sdk.client.ThreadSafeChatSession - [HERMES_CHAT_REQUEST] 发送消息: 消息-6
10:56:53.503 [pool-6-thread-4] DEBUG com.hermes.sdk.client.ThreadSafeChatSession - [HERMES_CHAT_RESPONSE] 收到响应: 17 chars, historySize=60
10:56:53.503 [pool-6-thread-1] DEBUG com.hermes.sdk.client.ThreadSafeChatSession - [HERMES_CHAT_RESPONSE] 收到响应: 17 chars, historySize=61
10:56:53.503 [pool-6-thread-4] DEBUG com.hermes.sdk.client.ThreadSafeChatSession - [HERMES_CHAT_REQUEST] 发送消息: 消息-6
10:56:53.503 [pool-6-thread-1] DEBUG com.hermes.sdk.client.ThreadSafeChatSession - [HERMES_CHAT_REQUEST] 发送消息: 消息-8
10:56:53.504 [pool-6-thread-4] DEBUG com.hermes.sdk.client.ThreadSafeChatSession - [HERMES_CHAT_RESPONSE] 收到响应: 17 chars, historySize=64
10:56:53.504 [pool-6-thread-1] DEBUG com.hermes.sdk.client.ThreadSafeChatSession - [HERMES_CHAT_RESPONSE] 收到响应: 17 chars, historySize=65
10:56:53.504 [pool-6-thread-4] DEBUG com.hermes.sdk.client.ThreadSafeChatSession - [HERMES_CHAT_REQUEST] 发送消息: 消息-7
10:56:53.504 [pool-6-thread-1] DEBUG com.hermes.sdk.client.ThreadSafeChatSession - [HERMES_CHAT_REQUEST] 发送消息: 消息-9
10:56:53.504 [pool-6-thread-4] DEBUG com.hermes.sdk.client.ThreadSafeChatSession - [HERMES_CHAT_RESPONSE] 收到响应: 17 chars, historySize=68
10:56:53.504 [pool-6-thread-1] DEBUG com.hermes.sdk.client.ThreadSafeChatSession - [HERMES_CHAT_RESPONSE] 收到响应: 17 chars, historySize=69
10:56:53.504 [pool-6-thread-4] DEBUG com.hermes.sdk.client.ThreadSafeChatSession - [HERMES_CHAT_REQUEST] 发送消息: 消息-8
10:56:53.504 [pool-6-thread-1] DEBUG com.hermes.sdk.client.ThreadSafeChatSession - [HERMES_CHAT_REQUEST] 发送消息: 消息-10
10:56:53.504 [pool-6-thread-4] DEBUG com.hermes.sdk.client.ThreadSafeChatSession - [HERMES_CHAT_RESPONSE] 收到响应: 17 chars, historySize=72
10:56:53.504 [pool-6-thread-1] DEBUG com.hermes.sdk.client.ThreadSafeChatSession - [HERMES_CHAT_RESPONSE] 收到响应: 17 chars, historySize=73
10:56:53.504 [pool-6-thread-4] DEBUG com.hermes.sdk.client.ThreadSafeChatSession - [HERMES_CHAT_REQUEST] 发送消息: 消息-9
10:56:53.504 [pool-6-thread-1] DEBUG com.hermes.sdk.client.ThreadSafeChatSession - [HERMES_CHAT_REQUEST] 发送消息: 消息-11
10:56:53.504 [pool-6-thread-4] DEBUG com.hermes.sdk.client.ThreadSafeChatSession - [HERMES_CHAT_RESPONSE] 收到响应: 17 chars, historySize=76
10:56:53.504 [pool-6-thread-1] DEBUG com.hermes.sdk.client.ThreadSafeChatSession - [HERMES_CHAT_RESPONSE] 收到响应: 17 chars, historySize=77
10:56:53.504 [pool-6-thread-4] DEBUG com.hermes.sdk.client.ThreadSafeChatSession - [HERMES_CHAT_REQUEST] 发送消息: 消息-10
10:56:53.504 [pool-6-thread-1] DEBUG com.hermes.sdk.client.ThreadSafeChatSession - [HERMES_CHAT_REQUEST] 发送消息: 消息-12
10:56:53.504 [pool-6-thread-4] DEBUG com.hermes.sdk.client.ThreadSafeChatSession - [HERMES_CHAT_RESPONSE] 收到响应: 17 chars, historySize=80
10:56:53.504 [pool-6-thread-1] DEBUG com.hermes.sdk.client.ThreadSafeChatSession - [HERMES_CHAT_RESPONSE] 收到响应: 17 chars, historySize=81
10:56:53.505 [pool-6-thread-4] DEBUG com.hermes.sdk.client.ThreadSafeChatSession - [HERMES_CHAT_REQUEST] 发送消息: 消息-11
10:56:53.505 [pool-6-thread-1] DEBUG com.hermes.sdk.client.ThreadSafeChatSession - [HERMES_CHAT_REQUEST] 发送消息: 消息-13
10:56:53.505 [pool-6-thread-4] DEBUG com.hermes.sdk.client.ThreadSafeChatSession - [HERMES_CHAT_RESPONSE] 收到响应: 17 chars, historySize=84
10:56:53.505 [pool-6-thread-1] DEBUG com.hermes.sdk.client.ThreadSafeChatSession - [HERMES_CHAT_RESPONSE] 收到响应: 17 chars, historySize=85
10:56:53.505 [pool-6-thread-4] DEBUG com.hermes.sdk.client.ThreadSafeChatSession - [HERMES_CHAT_REQUEST] 发送消息: 消息-12
10:56:53.505 [pool-6-thread-1] DEBUG com.hermes.sdk.client.ThreadSafeChatSession - [HERMES_CHAT_REQUEST] 发送消息: 消息-14
10:56:53.505 [pool-6-thread-4] DEBUG com.hermes.sdk.client.ThreadSafeChatSession - [HERMES_CHAT_RESPONSE] 收到响应: 17 chars, historySize=88
10:56:53.505 [pool-6-thread-1] DEBUG com.hermes.sdk.client.ThreadSafeChatSession - [HERMES_CHAT_RESPONSE] 收到响应: 17 chars, historySize=89
10:56:53.505 [pool-6-thread-4] DEBUG com.hermes.sdk.client.ThreadSafeChatSession - [HERMES_CHAT_REQUEST] 发送消息: 消息-13
10:56:53.505 [pool-6-thread-1] DEBUG com.hermes.sdk.client.ThreadSafeChatSession - [HERMES_CHAT_REQUEST] 发送消息: 消息-15
10:56:53.505 [pool-6-thread-4] DEBUG com.hermes.sdk.client.ThreadSafeChatSession - [HERMES_CHAT_RESPONSE] 收到响应: 17 chars, historySize=92
10:56:53.505 [pool-6-thread-4] DEBUG com.hermes.sdk.client.ThreadSafeChatSession - [HERMES_CHAT_REQUEST] 发送消息: 消息-14
10:56:53.505 [pool-6-thread-1] DEBUG com.hermes.sdk.client.ThreadSafeChatSession - [HERMES_CHAT_RESPONSE] 收到响应: 17 chars, historySize=94
10:56:53.506 [pool-6-thread-1] DEBUG com.hermes.sdk.client.ThreadSafeChatSession - [HERMES_CHAT_REQUEST] 发送消息: 消息-16
10:56:53.506 [pool-6-thread-1] DEBUG com.hermes.sdk.client.ThreadSafeChatSession - [HERMES_CHAT_RESPONSE] 收到响应: 17 chars, historySize=96
10:56:53.506 [pool-6-thread-1] DEBUG com.hermes.sdk.client.ThreadSafeChatSession - [HERMES_CHAT_REQUEST] 发送消息: 消息-17
10:56:53.506 [pool-6-thread-1] DEBUG com.hermes.sdk.client.ThreadSafeChatSession - [HERMES_CHAT_RESPONSE] 收到响应: 17 chars, historySize=98
10:56:53.506 [pool-6-thread-1] DEBUG com.hermes.sdk.client.ThreadSafeChatSession - [HERMES_CHAT_REQUEST] 发送消息: 消息-18
10:56:53.506 [pool-6-thread-1] DEBUG com.hermes.sdk.client.ThreadSafeChatSession - [HERMES_CHAT_RESPONSE] 收到响应: 17 chars, historySize=100
10:56:53.506 [pool-6-thread-1] DEBUG com.hermes.sdk.client.ThreadSafeChatSession - [HERMES_CHAT_REQUEST] 发送消息: 消息-19
10:56:53.507 [pool-6-thread-1] DEBUG com.hermes.sdk.client.ThreadSafeChatSession - [HERMES_CHAT_RESPONSE] 收到响应: 17 chars, historySize=102
]]></system-out>
  </testcase>
  <testcase name="testConcurrentClearAndChat" classname="com.hermes.sdk.client.ThreadSafeChatSessionTest" time="0.007">
    <system-out><![CDATA[10:56:53.510 [pool-7-thread-1] DEBUG com.hermes.sdk.client.ThreadSafeChatSession - [HERMES_CHAT_REQUEST] 发送消息: 消息
10:56:53.510 [pool-7-thread-4] DEBUG com.hermes.sdk.client.ThreadSafeChatSession - [HERMES_CHAT_REQUEST] 发送消息: 消息
10:56:53.510 [pool-7-thread-2] DEBUG com.hermes.sdk.client.ThreadSafeChatSession - [HERMES_CHAT_REQUEST] 发送消息: 消息
10:56:53.510 [pool-7-thread-4] DEBUG com.hermes.sdk.client.ThreadSafeChatSession - [HERMES_CHAT_RESPONSE] 收到响应: 17 chars, historySize=4
10:56:53.511 [pool-7-thread-2] DEBUG com.hermes.sdk.client.ThreadSafeChatSession - [HERMES_CHAT_RESPONSE] 收到响应: 17 chars, historySize=6
10:56:53.511 [pool-7-thread-3] DEBUG com.hermes.sdk.client.ThreadSafeChatSession - [HERMES_CHAT_REQUEST] 发送消息: 消息
10:56:53.510 [pool-7-thread-1] DEBUG com.hermes.sdk.client.ThreadSafeChatSession - [HERMES_CHAT_RESPONSE] 收到响应: 17 chars, historySize=3
10:56:53.511 [pool-7-thread-3] DEBUG com.hermes.sdk.client.ThreadSafeChatSession - [HERMES_CHAT_RESPONSE] 收到响应: 17 chars, historySize=8
10:56:53.511 [pool-7-thread-4] DEBUG com.hermes.sdk.client.ThreadSafeChatSession - [HERMES_CHAT_REQUEST] 发送消息: 消息
10:56:53.511 [pool-7-thread-1] DEBUG com.hermes.sdk.client.ThreadSafeChatSession - [HERMES_CHAT_REQUEST] 发送消息: 消息
10:56:53.511 [pool-7-thread-4] DEBUG com.hermes.sdk.client.ThreadSafeChatSession - [HERMES_CHAT_RESPONSE] 收到响应: 17 chars, historySize=10
10:56:53.511 [pool-7-thread-4] DEBUG com.hermes.sdk.client.ThreadSafeChatSession - [HERMES_CHAT_REQUEST] 发送消息: 消息
10:56:53.511 [pool-7-thread-5] DEBUG com.hermes.sdk.client.ThreadSafeChatSession - [HERMES_CHAT_REQUEST] 发送消息: 消息
10:56:53.511 [pool-7-thread-4] DEBUG com.hermes.sdk.client.ThreadSafeChatSession - [HERMES_CHAT_RESPONSE] 收到响应: 17 chars, historySize=13
10:56:53.512 [pool-7-thread-4] DEBUG com.hermes.sdk.client.ThreadSafeChatSession - [HERMES_CHAT_REQUEST] 发送消息: 消息
10:56:53.512 [pool-7-thread-1] DEBUG com.hermes.sdk.client.ThreadSafeChatSession - [HERMES_CHAT_RESPONSE] 收到响应: 17 chars, historySize=15
10:56:53.512 [pool-7-thread-4] DEBUG com.hermes.sdk.client.ThreadSafeChatSession - [HERMES_CHAT_RESPONSE] 收到响应: 17 chars, historySize=17
10:56:53.512 [pool-7-thread-3] DEBUG com.hermes.sdk.client.ThreadSafeChatSession - [HERMES_CHAT_REQUEST] 发送消息: 消息
10:56:53.512 [pool-7-thread-4] INFO  com.hermes.sdk.client.ThreadSafeChatSession - [HERMES_SESSION_CLEAR] history cleared, historySize=0
10:56:53.512 [pool-7-thread-5] DEBUG com.hermes.sdk.client.ThreadSafeChatSession - [HERMES_CHAT_RESPONSE] 收到响应: 17 chars, historySize=18
10:56:53.512 [pool-7-thread-1] INFO  com.hermes.sdk.client.ThreadSafeChatSession - [HERMES_SESSION_CLEAR] history cleared, historySize=0
10:56:53.512 [pool-7-thread-4] INFO  com.hermes.sdk.client.ThreadSafeChatSession - [HERMES_SESSION_CLEAR] history cleared, historySize=0
10:56:53.512 [pool-7-thread-2] INFO  com.hermes.sdk.client.ThreadSafeChatSession - [HERMES_SESSION_CLEAR] history cleared, historySize=0
10:56:53.512 [pool-7-thread-3] DEBUG com.hermes.sdk.client.ThreadSafeChatSession - [HERMES_CHAT_RESPONSE] 收到响应: 17 chars, historySize=1
10:56:53.512 [pool-7-thread-4] INFO  com.hermes.sdk.client.ThreadSafeChatSession - [HERMES_SESSION_CLEAR] history cleared, historySize=0
10:56:53.512 [pool-7-thread-4] INFO  com.hermes.sdk.client.ThreadSafeChatSession - [HERMES_SESSION_CLEAR] history cleared, historySize=0
10:56:53.512 [pool-7-thread-4] INFO  com.hermes.sdk.client.ThreadSafeChatSession - [HERMES_SESSION_CLEAR] history cleared, historySize=0
10:56:53.512 [pool-7-thread-1] INFO  com.hermes.sdk.client.ThreadSafeChatSession - [HERMES_SESSION_CLEAR] history cleared, historySize=0
10:56:53.512 [pool-7-thread-5] INFO  com.hermes.sdk.client.ThreadSafeChatSession - [HERMES_SESSION_CLEAR] history cleared, historySize=0
10:56:53.512 [pool-7-thread-3] INFO  com.hermes.sdk.client.ThreadSafeChatSession - [HERMES_SESSION_CLEAR] history cleared, historySize=0
]]></system-out>
  </testcase>
  <testcase name="testHistoryAccumulation" classname="com.hermes.sdk.client.ThreadSafeChatSessionTest" time="0.002">
    <system-out><![CDATA[10:56:53.517 [main] DEBUG com.hermes.sdk.client.ThreadSafeChatSession - [HERMES_CHAT_REQUEST] 发送消息: 第一轮
10:56:53.517 [main] DEBUG com.hermes.sdk.client.ThreadSafeChatSession - [HERMES_CHAT_RESPONSE] 收到响应: 17 chars, historySize=2
10:56:53.517 [main] DEBUG com.hermes.sdk.client.ThreadSafeChatSession - [HERMES_CHAT_REQUEST] 发送消息: 第二轮
10:56:53.517 [main] DEBUG com.hermes.sdk.client.ThreadSafeChatSession - [HERMES_CHAT_RESPONSE] 收到响应: 17 chars, historySize=4
10:56:53.517 [main] DEBUG com.hermes.sdk.client.ThreadSafeChatSession - [HERMES_CHAT_REQUEST] 发送消息: 第三轮
10:56:53.517 [main] DEBUG com.hermes.sdk.client.ThreadSafeChatSession - [HERMES_CHAT_RESPONSE] 收到响应: 17 chars, historySize=6
]]></system-out>
  </testcase>
  <testcase name="testChatWithSystemPrompt" classname="com.hermes.sdk.client.ThreadSafeChatSessionTest" time="0.003">
    <system-out><![CDATA[10:56:53.519 [main] DEBUG com.hermes.sdk.client.ThreadSafeChatSession - [HERMES_CHAT_REQUEST] systemPrompt=有, 消息: 我想写小说
10:56:53.520 [main] DEBUG com.hermes.sdk.client.ThreadSafeChatSession - [HERMES_CHAT_RESPONSE] 收到响应: 37 chars
10:56:53.521 [main] DEBUG com.hermes.sdk.client.ThreadSafeChatSession - [HERMES_CHAT_REQUEST] systemPrompt=有, 消息: 都市异能
10:56:53.521 [main] DEBUG com.hermes.sdk.client.ThreadSafeChatSession - [HERMES_CHAT_RESPONSE] 收到响应: 37 chars
]]></system-out>
  </testcase>
  <testcase name="testClearHistory" classname="com.hermes.sdk.client.ThreadSafeChatSessionTest" time="0.002">
    <system-out><![CDATA[10:56:53.522 [main] DEBUG com.hermes.sdk.client.ThreadSafeChatSession - [HERMES_CHAT_REQUEST] 发送消息: 测试消息
10:56:53.523 [main] DEBUG com.hermes.sdk.client.ThreadSafeChatSession - [HERMES_CHAT_RESPONSE] 收到响应: 17 chars, historySize=2
10:56:53.523 [main] INFO  com.hermes.sdk.client.ThreadSafeChatSession - [HERMES_SESSION_CLEAR] history cleared, historySize=0
]]></system-out>
  </testcase>
  <testcase name="testEmptyMessageThrows" classname="com.hermes.sdk.client.ThreadSafeChatSessionTest" time="0.002">
    <system-out><![CDATA[10:56:53.524 [main] DEBUG com.hermes.sdk.client.ThreadSafeChatSession - [HERMES_CHAT_REQUEST] 发送消息:    
10:56:53.525 [main] DEBUG com.hermes.sdk.client.ThreadSafeChatSession - [HERMES_CHAT_RESPONSE] 收到响应: 17 chars, historySize=2
]]></system-out>
  </testcase>
</testsuite>