<?xml version="1.0" encoding="UTF-8"?>
<testsuite xmlns:xsi="http://www.w3.org/2001/XMLSchema-instance" xsi:noNamespaceSchemaLocation="https://maven.apache.org/surefire/maven-surefire-plugin/xsd/surefire-test-report-3.0.xsd" version="3.0" name="com.hermes.sdk.webhook.WebhookClientTest" time="0.315" tests="15" errors="0" skipped="0" failures="0">
  <properties>
[...]
</properties>
  <testcase name="testTriggerWhitespaceRouteNameThrows" classname="com.hermes.sdk.webhook.WebhookClientTest" time="0.003"/>
  <testcase name="testTrigger4xxDoesNotRetry" classname="com.hermes.sdk.webhook.WebhookClientTest" time="0.013">
    <system-out><![CDATA[11:16:49.254 [main] DEBUG com.hermes.sdk.webhook.HMACSigner - HMAC signature generated: length=64
11:16:49.254 [main] INFO  com.hermes.sdk.webhook.WebhookClient - Triggering webhook: route=test, url=http://127.0.0.1:20484/webhooks/test, payloadKeys=[k]
11:16:49.256 [main] WARN  com.hermes.sdk.webhook.WebhookClient - Webhook rejected: status=401, body={"error":"invalid signature"}
]]></system-out>
  </testcase>
  <testcase name="testTriggerEmptyRouteNameThrows" classname="com.hermes.sdk.webhook.WebhookClientTest" time="0.007"/>
  <testcase name="testTriggerNullRouteNameThrows" classname="com.hermes.sdk.webhook.WebhookClientTest" time="0.01"/>
  <testcase name="testTriggerSendsContentTypeHeader" classname="com.hermes.sdk.webhook.WebhookClientTest" time="0.012">
    <system-out><![CDATA[11:16:49.284 [main] DEBUG com.hermes.sdk.webhook.HMACSigner - HMAC signature generated: length=64
11:16:49.284 [main] INFO  com.hermes.sdk.webhook.WebhookClient - Triggering webhook: route=test, url=http://127.0.0.1:19628/webhooks/test, payloadKeys=[]
11:16:49.286 [main] INFO  com.hermes.sdk.webhook.WebhookClient - Webhook triggered successfully: status=202, response={"status":"accepted","delivery_id":"wh-default"}
]]></system-out>
  </testcase>
  <testcase name="testTrigger5xxRetriesExhaustedThrows" classname="com.hermes.sdk.webhook.WebhookClientTest" time="0.097">
    <system-out><![CDATA[11:16:49.295 [main] DEBUG com.hermes.sdk.webhook.HMACSigner - HMAC signature generated: length=64
11:16:49.295 [main] INFO  com.hermes.sdk.webhook.WebhookClient - Triggering webhook: route=test, url=http://127.0.0.1:18750/webhooks/test, payloadKeys=[k]
11:16:49.297 [main] WARN  com.hermes.sdk.webhook.WebhookClient - Webhook 5xx, retrying in 0ms (attempt 1/2): status=500
11:16:49.339 [main] WARN  com.hermes.sdk.webhook.WebhookClient - Webhook 5xx, retrying in 0ms (attempt 2/2): status=500
]]></system-out>
  </testcase>
  <testcase name="testTriggerWithHMACSignatureHeader" classname="com.hermes.sdk.webhook.WebhookClientTest" time="0.006">
    <system-out><![CDATA[11:16:49.387 [main] DEBUG com.hermes.sdk.webhook.HMACSigner - HMAC signature generated: length=64
11:16:49.387 [main] INFO  com.hermes.sdk.webhook.WebhookClient - Triggering webhook: route=test_route, url=http://127.0.0.1:18860/webhooks/test_route, payloadKeys=[k]
11:16:49.389 [main] INFO  com.hermes.sdk.webhook.WebhookClient - Webhook triggered successfully: status=202, response={"status":"accepted","delivery_id":"wh-default"}
]]></system-out>
  </testcase>
  <testcase name="testTrigger5xxRetriesUntilSuccess" classname="com.hermes.sdk.webhook.WebhookClientTest" time="0.099">
    <system-out><![CDATA[11:16:49.398 [main] DEBUG com.hermes.sdk.webhook.HMACSigner - HMAC signature generated: length=64
11:16:49.398 [main] INFO  com.hermes.sdk.webhook.WebhookClient - Triggering webhook: route=test, url=http://127.0.0.1:18928/webhooks/test, payloadKeys=[k]
11:16:49.400 [main] WARN  com.hermes.sdk.webhook.WebhookClient - Webhook 5xx, retrying in 0ms (attempt 1/2): status=500
11:16:49.443 [main] WARN  com.hermes.sdk.webhook.WebhookClient - Webhook 5xx, retrying in 0ms (attempt 2/2): status=500
11:16:49.487 [main] INFO  com.hermes.sdk.webhook.WebhookClient - Webhook triggered successfully: status=202, response={"status":"accepted","delivery_id":"wh-default"}
]]></system-out>
  </testcase>
  <testcase name="testTriggerNullPayloadThrows" classname="com.hermes.sdk.webhook.WebhookClientTest" time="0.003"/>
  <testcase name="testTriggerHandlesEmptyResponseBody" classname="com.hermes.sdk.webhook.WebhookClientTest" time="0.018">
    <system-out><![CDATA[11:16:49.503 [main] DEBUG com.hermes.sdk.webhook.HMACSigner - HMAC signature generated: length=64
11:16:49.504 [main] INFO  com.hermes.sdk.webhook.WebhookClient - Triggering webhook: route=test, url=http://127.0.0.1:20234/webhooks/test, payloadKeys=[k]
11:16:49.509 [main] INFO  com.hermes.sdk.webhook.WebhookClient - Webhook triggered successfully: status=202, response=
]]></system-out>
  </testcase>
  <testcase name="testTriggerSendsCorrectBody" classname="com.hermes.sdk.webhook.WebhookClientTest" time="0.006">
    <system-out><![CDATA[11:16:49.513 [main] DEBUG com.hermes.sdk.webhook.HMACSigner - HMAC signature generated: length=64
11:16:49.513 [main] INFO  com.hermes.sdk.webhook.WebhookClient - Triggering webhook: route=test, url=http://127.0.0.1:20174/webhooks/test, payloadKeys=[amount, project_name]
11:16:49.515 [main] INFO  com.hermes.sdk.webhook.WebhookClient - Webhook triggered successfully: status=202, response={"status":"accepted","delivery_id":"wh-default"}
]]></system-out>
  </testcase>
  <testcase name="testTriggerSendsCorrectPath" classname="com.hermes.sdk.webhook.WebhookClientTest" time="0.01">
    <system-out><![CDATA[11:16:49.524 [main] DEBUG com.hermes.sdk.webhook.HMACSigner - HMAC signature generated: length=64
11:16:49.524 [main] INFO  com.hermes.sdk.webhook.WebhookClient - Triggering webhook: route=my_route, url=http://127.0.0.1:19724/webhooks/my_route, payloadKeys=[]
11:16:49.526 [main] INFO  com.hermes.sdk.webhook.WebhookClient - Webhook triggered successfully: status=202, response={"status":"accepted","delivery_id":"wh-default"}
]]></system-out>
  </testcase>
  <testcase name="testTriggerSuccess" classname="com.hermes.sdk.webhook.WebhookClientTest" time="0.01">
    <system-out><![CDATA[11:16:49.534 [main] DEBUG com.hermes.sdk.webhook.HMACSigner - HMAC signature generated: length=64
11:16:49.535 [main] INFO  com.hermes.sdk.webhook.WebhookClient - Triggering webhook: route=bid_draft, url=http://127.0.0.1:20118/webhooks/bid_draft, payloadKeys=[project_name, project_type]
11:16:49.536 [main] INFO  com.hermes.sdk.webhook.WebhookClient - Webhook triggered successfully: status=202, response={"status":"accepted","delivery_id":"wh-default"}
]]></system-out>
  </testcase>
  <testcase name="testTriggerParsesDeliveryIdFromResponse" classname="com.hermes.sdk.webhook.WebhookClientTest" time="0.011">
    <system-out><![CDATA[11:16:49.546 [main] DEBUG com.hermes.sdk.webhook.HMACSigner - HMAC signature generated: length=64
11:16:49.546 [main] INFO  com.hermes.sdk.webhook.WebhookClient - Triggering webhook: route=test, url=http://127.0.0.1:18836/webhooks/test, payloadKeys=[k]
11:16:49.547 [main] INFO  com.hermes.sdk.webhook.WebhookClient - Webhook triggered successfully: status=202, response={"status":"accepted","delivery_id":"wh-12345","message":"queued"}
]]></system-out>
  </testcase>
  <testcase name="testTriggerIOExceptionFailsWithNetworkException" classname="com.hermes.sdk.webhook.WebhookClientTest" time="0.007">
    <system-out><![CDATA[11:16:49.554 [main] DEBUG com.hermes.sdk.webhook.HMACSigner - HMAC signature generated: length=64
11:16:49.554 [main] INFO  com.hermes.sdk.webhook.WebhookClient - Triggering webhook: route=test, url=http://127.0.0.1:1/webhooks/test, payloadKeys=[k]
]]></system-out>
  </testcase>
</testsuite>