<?xml version="1.0" encoding="UTF-8"?>
<testsuite xmlns:xsi="http://www.w3.org/2001/XMLSchema-instance" xsi:noNamespaceSchemaLocation="https://maven.apache.org/surefire/maven-surefire-plugin/xsd/surefire-test-report-3.0.xsd" version="3.0" name="com.hermes.sdk.client.ThreadSafeChatSessionTest" time="0.091" tests="14" errors="0" skipped="0" failures="0">
  <properties>
[...]
</properties>
  <testcase name="testSpecialCharacters" classname="com.hermes.sdk.client.ThreadSafeChatSessionTest" time="0.044">
    <system-out><![CDATA[20:15:39.242 [main] DEBUG com.hermes.sdk.client.ThreadSafeChatSession - [HERMES_CHAT_REQUEST] 发送消息: 特殊字符：<>"'&
	中文🎉
20:15:39.242 [main] DEBUG com.hermes.sdk.client.ThreadSafeChatSession - [HERMES_CHAT_RESPONSE] 收到响应: 17 chars, historySize=2
]]></system-out>
  </testcase>
  <testcase name="testMultiTurnConversation" classname="com.hermes.sdk.client.ThreadSafeChatSessionTest" time="0.002">
    <system-out><![CDATA[20:15:39.244 [main] DEBUG com.hermes.sdk.client.ThreadSafeChatSession - [HERMES_CHAT_REQUEST] 发送消息: 我想写小说
20:15:39.244 [main] DEBUG com.hermes.sdk.client.ThreadSafeChatSession - [HERMES_CHAT_RESPONSE] 收到响应: 17 chars, historySize=2
20:15:39.244 [main] DEBUG com.hermes.sdk.client.ThreadSafeChatSession - [HERMES_CHAT_REQUEST] 发送消息: 都市异能题材
20:15:39.245 [main] DEBUG com.hermes.sdk.client.ThreadSafeChatSession - [HERMES_CHAT_RESPONSE] 收到响应: 17 chars, historySize=4
20:15:39.245 [main] DEBUG com.hermes.sdk.client.ThreadSafeChatSession - [HERMES_CHAT_REQUEST] 发送消息: 主角可以读心
20:15:39.245 [main] DEBUG com.hermes.sdk.client.ThreadSafeChatSession - [HERMES_CHAT_RESPONSE] 收到响应: 17 chars, historySize=6
]]></system-out>
  </testcase>
  <testcase name="testChatWithSystemNullPrompt" classname="com.hermes.sdk.client.ThreadSafeChatSessionTest" time="0.002">
    <system-out><![CDATA[20:15:39.246 [main] DEBUG com.hermes.sdk.client.ThreadSafeChatSession - [HERMES_CHAT_REQUEST] systemPrompt=无, 消息: 普通消息
20:15:39.247 [main] DEBUG com.hermes.sdk.client.ThreadSafeChatSession - [HERMES_CHAT_RESPONSE] 收到响应: 17 chars
]]></system-out>
  </testcase>
  <testcase name="testHistoryImmutability" classname="com.hermes.sdk.client.ThreadSafeChatSessionTest" time="0.002">
    <system-out><![CDATA[20:15:39.248 [main] DEBUG com.hermes.sdk.client.ThreadSafeChatSession - [HERMES_CHAT_REQUEST] 发送消息: 测试
20:15:39.248 [main] DEBUG com.hermes.sdk.client.ThreadSafeChatSession - [HERMES_CHAT_RESPONSE] 收到响应: 17 chars, historySize=2
]]></system-out>
  </testcase>
  <testcase name="testLongMessage" classname="com.hermes.sdk.client.ThreadSafeChatSessionTest" time="0.004">
    <system-out><![CDATA[20:15:39.253 [main] DEBUG com.hermes.sdk.client.ThreadSafeChatSession - [HERMES_CHAT_REQUEST] 发送消息: aaaaaaaaaaaaaaaaaaaaaaaaaaaaaaaaaaaaaaaaaaaaaaaaaa...(length=10000)
20:15:39.253 [main] DEBUG com.hermes.sdk.client.ThreadSafeChatSession - [HERMES_CHAT_RESPONSE] 收到响应: 17 chars, historySize=2
]]></system-out>
  </testcase>
  <testcase name="testMultipleSessionsIsolation" classname="com.hermes.sdk.client.ThreadSafeChatSessionTest" time="0.001">
    <system-out><![CDATA[20:15:39.254 [main] DEBUG com.hermes.sdk.client.ThreadSafeChatSession - [HERMES_CHAT_REQUEST] 发送消息: 会话1的消息
20:15:39.255 [main] DEBUG com.hermes.sdk.client.ThreadSafeChatSession - [HERMES_CHAT_RESPONSE] 收到响应: 17 chars, historySize=2
20:15:39.255 [main] DEBUG com.hermes.sdk.client.ThreadSafeChatSession - [HERMES_CHAT_REQUEST] 发送消息: 会话2的消息
20:15:39.255 [main] DEBUG com.hermes.sdk.client.ThreadSafeChatSession - [HERMES_CHAT_RESPONSE] 收到响应: 17 chars, historySize=2
]]></system-out>
  </testcase>
  <testcase name="testConcurrentChat" classname="com.hermes.sdk.client.ThreadSafeChatSessionTest" time="0.004">
    <system-out><![CDATA[20:15:39.257 [pool-4-thread-1] DEBUG com.hermes.sdk.client.ThreadSafeChatSession - [HERMES_CHAT_REQUEST] 发送消息: 并发消息
20:15:39.257 [pool-4-thread-2] DEBUG com.hermes.sdk.client.ThreadSafeChatSession - [HERMES_CHAT_REQUEST] 发送消息: 并发消息
20:15:39.257 [pool-4-thread-3] DEBUG com.hermes.sdk.client.ThreadSafeChatSession - [HERMES_CHAT_REQUEST] 发送消息: 并发消息
20:15:39.257 [pool-4-thread-4] DEBUG com.hermes.sdk.client.ThreadSafeChatSession - [HERMES_CHAT_REQUEST] 发送消息: 并发消息
20:15:39.257 [pool-4-thread-5] DEBUG com.hermes.sdk.client.ThreadSafeChatSession - [HERMES_CHAT_REQUEST] 发送消息: 并发消息
20:15:39.257 [pool-4-thread-6] DEBUG com.hermes.sdk.client.ThreadSafeChatSession - [HERMES_CHAT_REQUEST] 发送消息: 并发消息
20:15:39.257 [pool-4-thread-2] DEBUG com.hermes.sdk.client.ThreadSafeChatSession - [HERMES_CHAT_RESPONSE] 收到响应: 17 chars, historySize=6
20:15:39.257 [pool-4-thread-3] DEBUG com.hermes.sdk.client.ThreadSafeChatSession - [HERMES_CHAT_RESPONSE] 收到响应: 17 chars, historySize=7
20:15:39.257 [pool-4-thread-4] DEBUG com.hermes.sdk.client.ThreadSafeChatSession - [HERMES_CHAT_RESPONSE] 收到响应: 17 chars, historySize=9
20:15:39.257 [pool-4-thread-5] DEBUG com.hermes.sdk.client.ThreadSafeChatSession - [HERMES_CHAT_RESPONSE] 收到响应: 17 chars, historySize=10
20:15:39.257 [pool-4-thread-6] DEBUG com.hermes.sdk.client.ThreadSafeChatSession - [HERMES_CHAT_RESPONSE] 收到响应: 17 chars, historySize=11
20:15:39.257 [pool-4-thread-1] DEBUG com.hermes.sdk.client.ThreadSafeChatSession - [HERMES_CHAT_RESPONSE] 收到响应: 17 chars, historySize=12
20:15:39.258 [pool-4-thread-7] DEBUG com.hermes.sdk.client.ThreadSafeChatSession - [HERMES_CHAT_REQUEST] 发送消息: 并发消息
20:15:39.258 [pool-4-thread-8] DEBUG com.hermes.sdk.client.ThreadSafeChatSession - [HERMES_CHAT_REQUEST] 发送消息: 并发消息
20:15:39.258 [pool-4-thread-7] DEBUG com.hermes.sdk.client.ThreadSafeChatSession - [HERMES_CHAT_RESPONSE] 收到响应: 17 chars, historySize=14
20:15:39.258 [pool-4-thread-9] DEBUG com.hermes.sdk.client.ThreadSafeChatSession - [HERMES_CHAT_REQUEST] 发送消息: 并发消息
20:15:39.258 [pool-4-thread-8] DEBUG com.hermes.sdk.client.ThreadSafeChatSession - [HERMES_CHAT_RESPONSE] 收到响应: 17 chars, historySize=16
20:15:39.258 [pool-4-thread-10] DEBUG com.hermes.sdk.client.ThreadSafeChatSession - [HERMES_CHAT_REQUEST] 发送消息: 并发消息
20:15:39.258 [pool-4-thread-9] DEBUG com.hermes.sdk.client.ThreadSafeChatSession - [HERMES_CHAT_RESPONSE] 收到响应: 17 chars, historySize=18
20:15:39.258 [pool-4-thread-10] DEBUG com.hermes.sdk.client.ThreadSafeChatSession - [HERMES_CHAT_RESPONSE] 收到响应: 17 chars, historySize=20
]]></system-out>
  </testcase>
  <testcase name="testHighConcurrencyChat" classname="com.hermes.sdk.client.ThreadSafeChatSessionTest" time="0.005">
    <system-out><![CDATA[20:15:39.261 [pool-5-thread-1] DEBUG com.hermes.sdk.client.ThreadSafeChatSession - [HERMES_CHAT_REQUEST] 发送消息: 并发消息
20:15:39.261 [pool-5-thread-2] DEBUG com.hermes.sdk.client.ThreadSafeChatSession - [HERMES_CHAT_REQUEST] 发送消息: 并发消息
20:15:39.261 [pool-5-thread-3] DEBUG com.hermes.sdk.client.ThreadSafeChatSession - [HERMES_CHAT_REQUEST] 发送消息: 并发消息
20:15:39.261 [pool-5-thread-4] DEBUG com.hermes.sdk.client.ThreadSafeChatSession - [HERMES_CHAT_REQUEST] 发送消息: 并发消息
20:15:39.261 [pool-5-thread-1] DEBUG com.hermes.sdk.client.ThreadSafeChatSession - [HERMES_CHAT_RESPONSE] 收到响应: 17 chars, historySize=5
20:15:39.261 [pool-5-thread-2] DEBUG com.hermes.sdk.client.ThreadSafeChatSession - [HERMES_CHAT_RESPONSE] 收到响应: 17 chars, historySize=6
20:15:39.261 [pool-5-thread-1] DEBUG com.hermes.sdk.client.ThreadSafeChatSession - [HERMES_CHAT_REQUEST] 发送消息: 并发消息2
20:15:39.261 [pool-5-thread-3] DEBUG com.hermes.sdk.client.ThreadSafeChatSession - [HERMES_CHAT_RESPONSE] 收到响应: 17 chars, historySize=7
20:15:39.261 [pool-5-thread-2] DEBUG com.hermes.sdk.client.ThreadSafeChatSession - [HERMES_CHAT_REQUEST] 发送消息: 并发消息2
20:15:39.261 [pool-5-thread-4] DEBUG com.hermes.sdk.client.ThreadSafeChatSession - [HERMES_CHAT_RESPONSE] 收到响应: 17 chars, historySize=8
20:15:39.261 [pool-5-thread-4] DEBUG com.hermes.sdk.client.ThreadSafeChatSession - [HERMES_CHAT_REQUEST] 发送消息: 并发消息2
20:15:39.261 [pool-5-thread-1] DEBUG com.hermes.sdk.client.ThreadSafeChatSession - [HERMES_CHAT_RESPONSE] 收到响应: 17 chars, historySize=11
20:15:39.261 [pool-5-thread-3] DEBUG com.hermes.sdk.client.ThreadSafeChatSession - [HERMES_CHAT_REQUEST] 发送消息: 并发消息2
20:15:39.261 [pool-5-thread-2] DEBUG com.hermes.sdk.client.ThreadSafeChatSession - [HERMES_CHAT_RESPONSE] 收到响应: 17 chars, historySize=13
20:15:39.261 [pool-5-thread-1] DEBUG com.hermes.sdk.client.ThreadSafeChatSession - [HERMES_CHAT_REQUEST] 发送消息: 并发消息3
20:15:39.261 [pool-5-thread-4] DEBUG com.hermes.sdk.client.ThreadSafeChatSession - [HERMES_CHAT_RESPONSE] 收到响应: 17 chars, historySize=14
20:15:39.261 [pool-5-thread-2] DEBUG com.hermes.sdk.client.ThreadSafeChatSession - [HERMES_CHAT_REQUEST] 发送消息: 并发消息3
20:15:39.261 [pool-5-thread-4] DEBUG com.hermes.sdk.client.ThreadSafeChatSession - [HERMES_CHAT_REQUEST] 发送消息: 并发消息3
20:15:39.261 [pool-5-thread-3] DEBUG com.hermes.sdk.client.ThreadSafeChatSession - [HERMES_CHAT_RESPONSE] 收到响应: 17 chars, historySize=18
20:15:39.261 [pool-5-thread-2] DEBUG com.hermes.sdk.client.ThreadSafeChatSession - [HERMES_CHAT_RESPONSE] 收到响应: 17 chars, historySize=21
20:15:39.261 [pool-5-thread-3] DEBUG com.hermes.sdk.client.ThreadSafeChatSession - [HERMES_CHAT_REQUEST] 发送消息: 并发消息3
20:15:39.261 [pool-5-thread-4] DEBUG com.hermes.sdk.client.ThreadSafeChatSession - [HERMES_CHAT_RESPONSE] 收到响应: 17 chars, historySize=22
20:15:39.261 [pool-5-thread-1] DEBUG com.hermes.sdk.client.ThreadSafeChatSession - [HERMES_CHAT_RESPONSE] 收到响应: 17 chars, historySize=19
20:15:39.262 [pool-5-thread-3] DEBUG com.hermes.sdk.client.ThreadSafeChatSession - [HERMES_CHAT_RESPONSE] 收到响应: 17 chars, historySize=24
20:15:39.262 [pool-5-thread-5] DEBUG com.hermes.sdk.client.ThreadSafeChatSession - [HERMES_CHAT_REQUEST] 发送消息: 并发消息
20:15:39.262 [pool-5-thread-6] DEBUG com.hermes.sdk.client.ThreadSafeChatSession - [HERMES_CHAT_REQUEST] 发送消息: 并发消息
20:15:39.262 [pool-5-thread-7] DEBUG com.hermes.sdk.client.ThreadSafeChatSession - [HERMES_CHAT_REQUEST] 发送消息: 并发消息
20:15:39.262 [pool-5-thread-5] DEBUG com.hermes.sdk.client.ThreadSafeChatSession - [HERMES_CHAT_RESPONSE] 收到响应: 17 chars, historySize=26
20:15:39.262 [pool-5-thread-5] DEBUG com.hermes.sdk.client.ThreadSafeChatSession - [HERMES_CHAT_REQUEST] 发送消息: 并发消息2
20:15:39.262 [pool-5-thread-6] DEBUG com.hermes.sdk.client.ThreadSafeChatSession - [HERMES_CHAT_RESPONSE] 收到响应: 17 chars, historySize=30
20:15:39.262 [pool-5-thread-6] DEBUG com.hermes.sdk.client.ThreadSafeChatSession - [HERMES_CHAT_REQUEST] 发送消息: 并发消息2
20:15:39.262 [pool-5-thread-7] DEBUG com.hermes.sdk.client.ThreadSafeChatSession - [HERMES_CHAT_RESPONSE] 收到响应: 17 chars, historySize=31
20:15:39.262 [pool-5-thread-7] DEBUG com.hermes.sdk.client.ThreadSafeChatSession - [HERMES_CHAT_REQUEST] 发送消息: 并发消息2
20:15:39.262 [pool-5-thread-6] DEBUG com.hermes.sdk.client.ThreadSafeChatSession - [HERMES_CHAT_RESPONSE] 收到响应: 17 chars, historySize=33
20:15:39.262 [pool-5-thread-6] DEBUG com.hermes.sdk.client.ThreadSafeChatSession - [HERMES_CHAT_REQUEST] 发送消息: 并发消息3
20:15:39.262 [pool-5-thread-7] DEBUG com.hermes.sdk.client.ThreadSafeChatSession - [HERMES_CHAT_RESPONSE] 收到响应: 17 chars, historySize=35
20:15:39.262 [pool-5-thread-7] DEBUG com.hermes.sdk.client.ThreadSafeChatSession - [HERMES_CHAT_REQUEST] 发送消息: 并发消息3
20:15:39.262 [pool-5-thread-6] DEBUG com.hermes.sdk.client.ThreadSafeChatSession - [HERMES_CHAT_RESPONSE] 收到响应: 17 chars, historySize=37
20:15:39.263 [pool-5-thread-7] DEBUG com.hermes.sdk.client.ThreadSafeChatSession - [HERMES_CHAT_RESPONSE] 收到响应: 17 chars, historySize=39
20:15:39.263 [pool-5-thread-8] DEBUG com.hermes.sdk.client.ThreadSafeChatSession - [HERMES_CHAT_REQUEST] 发送消息: 并发消息
20:15:39.263 [pool-5-thread-9] DEBUG com.hermes.sdk.client.ThreadSafeChatSession - [HERMES_CHAT_REQUEST] 发送消息: 并发消息
20:15:39.263 [pool-5-thread-8] DEBUG com.hermes.sdk.client.ThreadSafeChatSession - [HERMES_CHAT_RESPONSE] 收到响应: 17 chars, historySize=42
20:15:39.263 [pool-5-thread-9] DEBUG com.hermes.sdk.client.ThreadSafeChatSession - [HERMES_CHAT_RESPONSE] 收到响应: 17 chars, historySize=43
20:15:39.263 [pool-5-thread-8] DEBUG com.hermes.sdk.client.ThreadSafeChatSession - [HERMES_CHAT_REQUEST] 发送消息: 并发消息2
20:15:39.263 [pool-5-thread-9] DEBUG com.hermes.sdk.client.ThreadSafeChatSession - [HERMES_CHAT_REQUEST] 发送消息: 并发消息2
20:15:39.263 [pool-5-thread-10] DEBUG com.hermes.sdk.client.ThreadSafeChatSession - [HERMES_CHAT_REQUEST] 发送消息: 并发消息
20:15:39.263 [pool-5-thread-8] DEBUG com.hermes.sdk.client.ThreadSafeChatSession - [HERMES_CHAT_RESPONSE] 收到响应: 17 chars, historySize=47
20:15:39.263 [pool-5-thread-9] DEBUG com.hermes.sdk.client.ThreadSafeChatSession - [HERMES_CHAT_RESPONSE] 收到响应: 17 chars, historySize=48
20:15:39.263 [pool-5-thread-8] DEBUG com.hermes.sdk.client.ThreadSafeChatSession - [HERMES_CHAT_REQUEST] 发送消息: 并发消息3
20:15:39.263 [pool-5-thread-9] DEBUG com.hermes.sdk.client.ThreadSafeChatSession - [HERMES_CHAT_REQUEST] 发送消息: 并发消息3
20:15:39.263 [pool-5-thread-8] DEBUG com.hermes.sdk.client.ThreadSafeChatSession - [HERMES_CHAT_RESPONSE] 收到响应: 17 chars, historySize=51
20:15:39.264 [pool-5-thread-9] DEBUG com.hermes.sdk.client.ThreadSafeChatSession - [HERMES_CHAT_RESPONSE] 收到响应: 17 chars, historySize=52
]]></system-out>
  </testcase>
  <testcase name="testReadWriteLockNoDeadlock" classname="com.hermes.sdk.client.ThreadSafeChatSessionTest" time="0.008">
    <system-out><![CDATA[20:15:39.267 [pool-6-thread-2] DEBUG com.hermes.sdk.client.ThreadSafeChatSession - [HERMES_CHAT_REQUEST] 发送消息: 消息-0
20:15:39.267 [pool-6-thread-3] DEBUG com.hermes.sdk.client.ThreadSafeChatSession - [HERMES_CHAT_REQUEST] 发送消息: 消息-0
20:15:39.267 [pool-6-thread-1] DEBUG com.hermes.sdk.client.ThreadSafeChatSession - [HERMES_CHAT_REQUEST] 发送消息: 消息-0
20:15:39.267 [pool-6-thread-5] DEBUG com.hermes.sdk.client.ThreadSafeChatSession - [HERMES_CHAT_REQUEST] 发送消息: 消息-0
20:15:39.267 [pool-6-thread-1] DEBUG com.hermes.sdk.client.ThreadSafeChatSession - [HERMES_CHAT_RESPONSE] 收到响应: 17 chars, historySize=6
20:15:39.267 [pool-6-thread-2] DEBUG com.hermes.sdk.client.ThreadSafeChatSession - [HERMES_CHAT_RESPONSE] 收到响应: 17 chars, historySize=4
20:15:39.267 [pool-6-thread-4] DEBUG com.hermes.sdk.client.ThreadSafeChatSession - [HERMES_CHAT_REQUEST] 发送消息: 消息-0
20:15:39.267 [pool-6-thread-1] DEBUG com.hermes.sdk.client.ThreadSafeChatSession - [HERMES_CHAT_REQUEST] 发送消息: 消息-1
20:15:39.267 [pool-6-thread-5] DEBUG com.hermes.sdk.client.ThreadSafeChatSession - [HERMES_CHAT_RESPONSE] 收到响应: 17 chars, historySize=7
20:15:39.267 [pool-6-thread-5] DEBUG com.hermes.sdk.client.ThreadSafeChatSession - [HERMES_CHAT_REQUEST] 发送消息: 消息-1
20:15:39.267 [pool-6-thread-1] DEBUG com.hermes.sdk.client.ThreadSafeChatSession - [HERMES_CHAT_RESPONSE] 收到响应: 17 chars, historySize=9
20:15:39.267 [pool-6-thread-1] DEBUG com.hermes.sdk.client.ThreadSafeChatSession - [HERMES_CHAT_REQUEST] 发送消息: 消息-2
20:15:39.267 [pool-6-thread-3] DEBUG com.hermes.sdk.client.ThreadSafeChatSession - [HERMES_CHAT_RESPONSE] 收到响应: 17 chars, historySize=13
20:15:39.268 [pool-6-thread-3] DEBUG com.hermes.sdk.client.ThreadSafeChatSession - [HERMES_CHAT_REQUEST] 发送消息: 消息-1
20:15:39.268 [pool-6-thread-2] DEBUG com.hermes.sdk.client.ThreadSafeChatSession - [HERMES_CHAT_REQUEST] 发送消息: 消息-1
20:15:39.268 [pool-6-thread-3] DEBUG com.hermes.sdk.client.ThreadSafeChatSession - [HERMES_CHAT_RESPONSE] 收到响应: 17 chars, historySize=17
20:15:39.268 [pool-6-thread-4] DEBUG com.hermes.sdk.client.ThreadSafeChatSession - [HERMES_CHAT_RESPONSE] 收到响应: 17 chars, historySize=18
20:15:39.267 [pool-6-thread-1] DEBUG com.hermes.sdk.client.ThreadSafeChatSession - [HERMES_CHAT_RESPONSE] 收到响应: 17 chars, historySize=14
20:15:39.268 [pool-6-thread-3] DEBUG com.hermes.sdk.client.ThreadSafeChatSession - [HERMES_CHAT_REQUEST] 发送消息: 消息-2
20:15:39.268 [pool-6-thread-4] DEBUG com.hermes.sdk.client.ThreadSafeChatSession - [HERMES_CHAT_REQUEST] 发送消息: 消息-1
20:15:39.267 [pool-6-thread-5] DEBUG com.hermes.sdk.client.ThreadSafeChatSession - [HERMES_CHAT_RESPONSE] 收到响应: 17 chars, historySize=11
20:15:39.268 [pool-6-thread-5] DEBUG com.hermes.sdk.client.ThreadSafeChatSession - [HERMES_CHAT_REQUEST] 发送消息: 消息-2
20:15:39.268 [pool-6-thread-4] DEBUG com.hermes.sdk.client.ThreadSafeChatSession - [HERMES_CHAT_RESPONSE] 收到响应: 17 chars, historySize=22
20:15:39.268 [pool-6-thread-3] DEBUG com.hermes.sdk.client.ThreadSafeChatSession - [HERMES_CHAT_RESPONSE] 收到响应: 17 chars, historySize=23
20:15:39.268 [pool-6-thread-1] DEBUG com.hermes.sdk.client.ThreadSafeChatSession - [HERMES_CHAT_REQUEST] 发送消息: 消息-3
20:15:39.268 [pool-6-thread-3] DEBUG com.hermes.sdk.client.ThreadSafeChatSession - [HERMES_CHAT_REQUEST] 发送消息: 消息-3
20:15:39.268 [pool-6-thread-4] DEBUG com.hermes.sdk.client.ThreadSafeChatSession - [HERMES_CHAT_REQUEST] 发送消息: 消息-2
20:15:39.268 [pool-6-thread-5] DEBUG com.hermes.sdk.client.ThreadSafeChatSession - [HERMES_CHAT_RESPONSE] 收到响应: 17 chars, historySize=25
20:15:39.268 [pool-6-thread-1] DEBUG com.hermes.sdk.client.ThreadSafeChatSession - [HERMES_CHAT_RESPONSE] 收到响应: 17 chars, historySize=29
20:15:39.268 [pool-6-thread-3] DEBUG com.hermes.sdk.client.ThreadSafeChatSession - [HERMES_CHAT_RESPONSE] 收到响应: 17 chars, historySize=30
20:15:39.268 [pool-6-thread-1] DEBUG com.hermes.sdk.client.ThreadSafeChatSession - [HERMES_CHAT_REQUEST] 发送消息: 消息-4
20:15:39.268 [pool-6-thread-5] DEBUG com.hermes.sdk.client.ThreadSafeChatSession - [HERMES_CHAT_REQUEST] 发送消息: 消息-3
20:15:39.268 [pool-6-thread-3] DEBUG com.hermes.sdk.client.ThreadSafeChatSession - [HERMES_CHAT_REQUEST] 发送消息: 消息-4
20:15:39.268 [pool-6-thread-1] DEBUG com.hermes.sdk.client.ThreadSafeChatSession - [HERMES_CHAT_RESPONSE] 收到响应: 17 chars, historySize=34
20:15:39.268 [pool-6-thread-3] DEBUG com.hermes.sdk.client.ThreadSafeChatSession - [HERMES_CHAT_RESPONSE] 收到响应: 17 chars, historySize=36
20:15:39.268 [pool-6-thread-1] DEBUG com.hermes.sdk.client.ThreadSafeChatSession - [HERMES_CHAT_REQUEST] 发送消息: 消息-5
20:15:39.268 [pool-6-thread-5] DEBUG com.hermes.sdk.client.ThreadSafeChatSession - [HERMES_CHAT_RESPONSE] 收到响应: 17 chars, historySize=35
20:15:39.268 [pool-6-thread-3] DEBUG com.hermes.sdk.client.ThreadSafeChatSession - [HERMES_CHAT_REQUEST] 发送消息: 消息-5
20:15:39.269 [pool-6-thread-1] DEBUG com.hermes.sdk.client.ThreadSafeChatSession - [HERMES_CHAT_RESPONSE] 收到响应: 17 chars, historySize=38
20:15:39.269 [pool-6-thread-5] DEBUG com.hermes.sdk.client.ThreadSafeChatSession - [HERMES_CHAT_REQUEST] 发送消息: 消息-4
20:15:39.269 [pool-6-thread-1] DEBUG com.hermes.sdk.client.ThreadSafeChatSession - [HERMES_CHAT_REQUEST] 发送消息: 消息-6
20:15:39.269 [pool-6-thread-3] DEBUG com.hermes.sdk.client.ThreadSafeChatSession - [HERMES_CHAT_RESPONSE] 收到响应: 17 chars, historySize=40
20:15:39.269 [pool-6-thread-3] DEBUG com.hermes.sdk.client.ThreadSafeChatSession - [HERMES_CHAT_REQUEST] 发送消息: 消息-6
20:15:39.269 [pool-6-thread-5] DEBUG com.hermes.sdk.client.ThreadSafeChatSession - [HERMES_CHAT_RESPONSE] 收到响应: 17 chars, historySize=43
20:15:39.269 [pool-6-thread-1] DEBUG com.hermes.sdk.client.ThreadSafeChatSession - [HERMES_CHAT_RESPONSE] 收到响应: 17 chars, historySize=45
20:15:39.269 [pool-6-thread-5] DEBUG com.hermes.sdk.client.ThreadSafeChatSession - [HERMES_CHAT_REQUEST] 发送消息: 消息-5
20:15:39.269 [pool-6-thread-1] DEBUG com.hermes.sdk.client.ThreadSafeChatSession - [HERMES_CHAT_REQUEST] 发送消息: 消息-7
20:15:39.269 [pool-6-thread-3] DEBUG com.hermes.sdk.client.ThreadSafeChatSession - [HERMES_CHAT_RESPONSE] 收到响应: 17 chars, historySize=46
20:15:39.269 [pool-6-thread-5] DEBUG com.hermes.sdk.client.ThreadSafeChatSession - [HERMES_CHAT_RESPONSE] 收到响应: 17 chars, historySize=49
20:15:39.269 [pool-6-thread-1] DEBUG com.hermes.sdk.client.ThreadSafeChatSession - [HERMES_CHAT_RESPONSE] 收到响应: 17 chars, historySize=50
20:15:39.269 [pool-6-thread-3] DEBUG com.hermes.sdk.client.ThreadSafeChatSession - [HERMES_CHAT_REQUEST] 发送消息: 消息-7
20:15:39.269 [pool-6-thread-5] DEBUG com.hermes.sdk.client.ThreadSafeChatSession - [HERMES_CHAT_REQUEST] 发送消息: 消息-6
20:15:39.269 [pool-6-thread-1] DEBUG com.hermes.sdk.client.ThreadSafeChatSession - [HERMES_CHAT_REQUEST] 发送消息: 消息-8
20:15:39.269 [pool-6-thread-3] DEBUG com.hermes.sdk.client.ThreadSafeChatSession - [HERMES_CHAT_RESPONSE] 收到响应: 17 chars, historySize=53
20:15:39.269 [pool-6-thread-3] DEBUG com.hermes.sdk.client.ThreadSafeChatSession - [HERMES_CHAT_REQUEST] 发送消息: 消息-8
20:15:39.269 [pool-6-thread-5] DEBUG com.hermes.sdk.client.ThreadSafeChatSession - [HERMES_CHAT_RESPONSE] 收到响应: 17 chars, historySize=55
20:15:39.269 [pool-6-thread-1] DEBUG com.hermes.sdk.client.ThreadSafeChatSession - [HERMES_CHAT_RESPONSE] 收到响应: 17 chars, historySize=56
20:15:39.269 [pool-6-thread-5] DEBUG com.hermes.sdk.client.ThreadSafeChatSession - [HERMES_CHAT_REQUEST] 发送消息: 消息-7
20:15:39.269 [pool-6-thread-1] DEBUG com.hermes.sdk.client.ThreadSafeChatSession - [HERMES_CHAT_REQUEST] 发送消息: 消息-9
20:15:39.269 [pool-6-thread-3] DEBUG com.hermes.sdk.client.ThreadSafeChatSession - [HERMES_CHAT_RESPONSE] 收到响应: 17 chars, historySize=58
20:15:39.270 [pool-6-thread-3] DEBUG com.hermes.sdk.client.ThreadSafeChatSession - [HERMES_CHAT_REQUEST] 发送消息: 消息-9
20:15:39.270 [pool-6-thread-5] DEBUG com.hermes.sdk.client.ThreadSafeChatSession - [HERMES_CHAT_RESPONSE] 收到响应: 17 chars, historySize=61
20:15:39.270 [pool-6-thread-1] DEBUG com.hermes.sdk.client.ThreadSafeChatSession - [HERMES_CHAT_RESPONSE] 收到响应: 17 chars, historySize=62
20:15:39.270 [pool-6-thread-5] DEBUG com.hermes.sdk.client.ThreadSafeChatSession - [HERMES_CHAT_REQUEST] 发送消息: 消息-8
20:15:39.270 [pool-6-thread-1] DEBUG com.hermes.sdk.client.ThreadSafeChatSession - [HERMES_CHAT_REQUEST] 发送消息: 消息-10
20:15:39.270 [pool-6-thread-3] DEBUG com.hermes.sdk.client.ThreadSafeChatSession - [HERMES_CHAT_RESPONSE] 收到响应: 17 chars, historySize=64
20:15:39.270 [pool-6-thread-3] DEBUG com.hermes.sdk.client.ThreadSafeChatSession - [HERMES_CHAT_REQUEST] 发送消息: 消息-10
20:15:39.270 [pool-6-thread-5] DEBUG com.hermes.sdk.client.ThreadSafeChatSession - [HERMES_CHAT_RESPONSE] 收到响应: 17 chars, historySize=67
20:15:39.270 [pool-6-thread-1] DEBUG com.hermes.sdk.client.ThreadSafeChatSession - [HERMES_CHAT_RESPONSE] 收到响应: 17 chars, historySize=68
20:15:39.270 [pool-6-thread-5] DEBUG com.hermes.sdk.client.ThreadSafeChatSession - [HERMES_CHAT_REQUEST] 发送消息: 消息-9
20:15:39.270 [pool-6-thread-1] DEBUG com.hermes.sdk.client.ThreadSafeChatSession - [HERMES_CHAT_REQUEST] 发送消息: 消息-11
20:15:39.270 [pool-6-thread-3] DEBUG com.hermes.sdk.client.ThreadSafeChatSession - [HERMES_CHAT_RESPONSE] 收到响应: 17 chars, historySize=70
20:15:39.270 [pool-6-thread-5] DEBUG com.hermes.sdk.client.ThreadSafeChatSession - [HERMES_CHAT_RESPONSE] 收到响应: 17 chars, historySize=73
20:15:39.270 [pool-6-thread-3] DEBUG com.hermes.sdk.client.ThreadSafeChatSession - [HERMES_CHAT_REQUEST] 发送消息: 消息-11
20:15:39.270 [pool-6-thread-1] DEBUG com.hermes.sdk.client.ThreadSafeChatSession - [HERMES_CHAT_RESPONSE] 收到响应: 17 chars, historySize=74
20:15:39.270 [pool-6-thread-5] DEBUG com.hermes.sdk.client.ThreadSafeChatSession - [HERMES_CHAT_REQUEST] 发送消息: 消息-10
20:15:39.270 [pool-6-thread-1] DEBUG com.hermes.sdk.client.ThreadSafeChatSession - [HERMES_CHAT_REQUEST] 发送消息: 消息-12
20:15:39.270 [pool-6-thread-5] DEBUG com.hermes.sdk.client.ThreadSafeChatSession - [HERMES_CHAT_RESPONSE] 收到响应: 17 chars, historySize=78
20:15:39.270 [pool-6-thread-1] DEBUG com.hermes.sdk.client.ThreadSafeChatSession - [HERMES_CHAT_RESPONSE] 收到响应: 17 chars, historySize=79
20:15:39.270 [pool-6-thread-1] DEBUG com.hermes.sdk.client.ThreadSafeChatSession - [HERMES_CHAT_REQUEST] 发送消息: 消息-13
20:15:39.270 [pool-6-thread-3] DEBUG com.hermes.sdk.client.ThreadSafeChatSession - [HERMES_CHAT_RESPONSE] 收到响应: 17 chars, historySize=80
20:15:39.270 [pool-6-thread-5] DEBUG com.hermes.sdk.client.ThreadSafeChatSession - [HERMES_CHAT_REQUEST] 发送消息: 消息-11
20:15:39.270 [pool-6-thread-3] DEBUG com.hermes.sdk.client.ThreadSafeChatSession - [HERMES_CHAT_REQUEST] 发送消息: 消息-12
20:15:39.271 [pool-6-thread-5] DEBUG com.hermes.sdk.client.ThreadSafeChatSession - [HERMES_CHAT_RESPONSE] 收到响应: 17 chars, historySize=84
20:15:39.271 [pool-6-thread-3] DEBUG com.hermes.sdk.client.ThreadSafeChatSession - [HERMES_CHAT_RESPONSE] 收到响应: 17 chars, historySize=86
20:15:39.271 [pool-6-thread-5] DEBUG com.hermes.sdk.client.ThreadSafeChatSession - [HERMES_CHAT_REQUEST] 发送消息: 消息-12
20:15:39.271 [pool-6-thread-3] DEBUG com.hermes.sdk.client.ThreadSafeChatSession - [HERMES_CHAT_REQUEST] 发送消息: 消息-13
20:15:39.271 [pool-6-thread-1] DEBUG com.hermes.sdk.client.ThreadSafeChatSession - [HERMES_CHAT_RESPONSE] 收到响应: 17 chars, historySize=85
20:15:39.271 [pool-6-thread-3] DEBUG com.hermes.sdk.client.ThreadSafeChatSession - [HERMES_CHAT_RESPONSE] 收到响应: 17 chars, historySize=89
20:15:39.271 [pool-6-thread-1] DEBUG com.hermes.sdk.client.ThreadSafeChatSession - [HERMES_CHAT_REQUEST] 发送消息: 消息-14
20:15:39.271 [pool-6-thread-3] DEBUG com.hermes.sdk.client.ThreadSafeChatSession - [HERMES_CHAT_REQUEST] 发送消息: 消息-14
20:15:39.271 [pool-6-thread-1] DEBUG com.hermes.sdk.client.ThreadSafeChatSession - [HERMES_CHAT_RESPONSE] 收到响应: 17 chars, historySize=91
20:15:39.271 [pool-6-thread-1] DEBUG com.hermes.sdk.client.ThreadSafeChatSession - [HERMES_CHAT_REQUEST] 发送消息: 消息-15
20:15:39.271 [pool-6-thread-1] DEBUG com.hermes.sdk.client.ThreadSafeChatSession - [HERMES_CHAT_RESPONSE] 收到响应: 17 chars, historySize=95
20:15:39.271 [pool-6-thread-3] DEBUG com.hermes.sdk.client.ThreadSafeChatSession - [HERMES_CHAT_RESPONSE] 收到响应: 17 chars, historySize=94
20:15:39.271 [pool-6-thread-1] DEBUG com.hermes.sdk.client.ThreadSafeChatSession - [HERMES_CHAT_REQUEST] 发送消息: 消息-16
20:15:39.271 [pool-6-thread-3] DEBUG com.hermes.sdk.client.ThreadSafeChatSession - [HERMES_CHAT_REQUEST] 发送消息: 消息-15
20:15:39.271 [pool-6-thread-1] DEBUG com.hermes.sdk.client.ThreadSafeChatSession - [HERMES_CHAT_RESPONSE] 收到响应: 17 chars, historySize=98
20:15:39.271 [pool-6-thread-1] DEBUG com.hermes.sdk.client.ThreadSafeChatSession - [HERMES_CHAT_REQUEST] 发送消息: 消息-17
20:15:39.271 [pool-6-thread-3] DEBUG com.hermes.sdk.client.ThreadSafeChatSession - [HERMES_CHAT_RESPONSE] 收到响应: 17 chars, historySize=99
20:15:39.271 [pool-6-thread-3] DEBUG com.hermes.sdk.client.ThreadSafeChatSession - [HERMES_CHAT_REQUEST] 发送消息: 消息-16
20:15:39.271 [pool-6-thread-1] DEBUG com.hermes.sdk.client.ThreadSafeChatSession - [HERMES_CHAT_RESPONSE] 收到响应: 17 chars, historySize=101
20:15:39.272 [pool-6-thread-1] DEBUG com.hermes.sdk.client.ThreadSafeChatSession - [HERMES_CHAT_REQUEST] 发送消息: 消息-18
20:15:39.272 [pool-6-thread-3] DEBUG com.hermes.sdk.client.ThreadSafeChatSession - [HERMES_CHAT_RESPONSE] 收到响应: 17 chars, historySize=103
20:15:39.272 [pool-6-thread-3] DEBUG com.hermes.sdk.client.ThreadSafeChatSession - [HERMES_CHAT_REQUEST] 发送消息: 消息-17
20:15:39.272 [pool-6-thread-3] DEBUG com.hermes.sdk.client.ThreadSafeChatSession - [HERMES_CHAT_RESPONSE] 收到响应: 17 chars, historySize=106
20:15:39.272 [pool-6-thread-3] DEBUG com.hermes.sdk.client.ThreadSafeChatSession - [HERMES_CHAT_REQUEST] 发送消息: 消息-18
20:15:39.272 [pool-6-thread-1] DEBUG com.hermes.sdk.client.ThreadSafeChatSession - [HERMES_CHAT_RESPONSE] 收到响应: 17 chars, historySize=107
20:15:39.272 [pool-6-thread-1] DEBUG com.hermes.sdk.client.ThreadSafeChatSession - [HERMES_CHAT_REQUEST] 发送消息: 消息-19
20:15:39.272 [pool-6-thread-3] DEBUG com.hermes.sdk.client.ThreadSafeChatSession - [HERMES_CHAT_RESPONSE] 收到响应: 17 chars, historySize=109
20:15:39.272 [pool-6-thread-3] DEBUG com.hermes.sdk.client.ThreadSafeChatSession - [HERMES_CHAT_REQUEST] 发送消息: 消息-19
20:15:39.272 [pool-6-thread-3] DEBUG com.hermes.sdk.client.ThreadSafeChatSession - [HERMES_CHAT_RESPONSE] 收到响应: 17 chars, historySize=112
20:15:39.272 [pool-6-thread-1] DEBUG com.hermes.sdk.client.ThreadSafeChatSession - [HERMES_CHAT_RESPONSE] 收到响应: 17 chars, historySize=113
]]></system-out>
  </testcase>
  <testcase name="testConcurrentClearAndChat" classname="com.hermes.sdk.client.ThreadSafeChatSessionTest" time="0.005">
    <system-out><![CDATA[20:15:39.275 [pool-7-thread-2] DEBUG com.hermes.sdk.client.ThreadSafeChatSession - [HERMES_CHAT_REQUEST] 发送消息: 消息
20:15:39.275 [pool-7-thread-1] DEBUG com.hermes.sdk.client.ThreadSafeChatSession - [HERMES_CHAT_REQUEST] 发送消息: 消息
20:15:39.275 [pool-7-thread-3] DEBUG com.hermes.sdk.client.ThreadSafeChatSession - [HERMES_CHAT_REQUEST] 发送消息: 消息
20:15:39.275 [pool-7-thread-2] DEBUG com.hermes.sdk.client.ThreadSafeChatSession - [HERMES_CHAT_RESPONSE] 收到响应: 17 chars, historySize=3
20:15:39.275 [pool-7-thread-4] DEBUG com.hermes.sdk.client.ThreadSafeChatSession - [HERMES_CHAT_REQUEST] 发送消息: 消息
20:15:39.276 [pool-7-thread-2] DEBUG com.hermes.sdk.client.ThreadSafeChatSession - [HERMES_CHAT_REQUEST] 发送消息: 消息
20:15:39.276 [pool-7-thread-3] DEBUG com.hermes.sdk.client.ThreadSafeChatSession - [HERMES_CHAT_RESPONSE] 收到响应: 17 chars, historySize=8
20:15:39.276 [pool-7-thread-3] DEBUG com.hermes.sdk.client.ThreadSafeChatSession - [HERMES_CHAT_REQUEST] 发送消息: 消息
20:15:39.275 [pool-7-thread-1] DEBUG com.hermes.sdk.client.ThreadSafeChatSession - [HERMES_CHAT_RESPONSE] 收到响应: 17 chars, historySize=4
20:15:39.276 [pool-7-thread-4] DEBUG com.hermes.sdk.client.ThreadSafeChatSession - [HERMES_CHAT_RESPONSE] 收到响应: 17 chars, historySize=10
20:15:39.276 [pool-7-thread-2] DEBUG com.hermes.sdk.client.ThreadSafeChatSession - [HERMES_CHAT_RESPONSE] 收到响应: 17 chars, historySize=9
20:15:39.276 [pool-7-thread-4] DEBUG com.hermes.sdk.client.ThreadSafeChatSession - [HERMES_CHAT_REQUEST] 发送消息: 消息
20:15:39.276 [pool-7-thread-5] DEBUG com.hermes.sdk.client.ThreadSafeChatSession - [HERMES_CHAT_REQUEST] 发送消息: 消息
20:15:39.276 [pool-7-thread-2] DEBUG com.hermes.sdk.client.ThreadSafeChatSession - [HERMES_CHAT_REQUEST] 发送消息: 消息
20:15:39.276 [pool-7-thread-3] DEBUG com.hermes.sdk.client.ThreadSafeChatSession - [HERMES_CHAT_RESPONSE] 收到响应: 17 chars, historySize=12
20:15:39.276 [pool-7-thread-3] DEBUG com.hermes.sdk.client.ThreadSafeChatSession - [HERMES_CHAT_REQUEST] 发送消息: 消息
20:15:39.276 [pool-7-thread-2] DEBUG com.hermes.sdk.client.ThreadSafeChatSession - [HERMES_CHAT_RESPONSE] 收到响应: 17 chars, historySize=15
20:15:39.276 [pool-7-thread-3] INFO  com.hermes.sdk.client.ThreadSafeChatSession - [HERMES_SESSION_CLEAR] history cleared, historySize=0
20:15:39.276 [pool-7-thread-4] DEBUG com.hermes.sdk.client.ThreadSafeChatSession - [HERMES_CHAT_RESPONSE] 收到响应: 17 chars, historySize=17
20:15:39.276 [pool-7-thread-4] INFO  com.hermes.sdk.client.ThreadSafeChatSession - [HERMES_SESSION_CLEAR] history cleared, historySize=0
20:15:39.276 [pool-7-thread-4] INFO  com.hermes.sdk.client.ThreadSafeChatSession - [HERMES_SESSION_CLEAR] history cleared, historySize=0
20:15:39.276 [pool-7-thread-3] INFO  com.hermes.sdk.client.ThreadSafeChatSession - [HERMES_SESSION_CLEAR] history cleared, historySize=0
20:15:39.276 [pool-7-thread-4] INFO  com.hermes.sdk.client.ThreadSafeChatSession - [HERMES_SESSION_CLEAR] history cleared, historySize=0
20:15:39.276 [pool-7-thread-5] DEBUG com.hermes.sdk.client.ThreadSafeChatSession - [HERMES_CHAT_RESPONSE] 收到响应: 17 chars, historySize=1
20:15:39.276 [pool-7-thread-1] INFO  com.hermes.sdk.client.ThreadSafeChatSession - [HERMES_SESSION_CLEAR] history cleared, historySize=0
20:15:39.276 [pool-7-thread-2] INFO  com.hermes.sdk.client.ThreadSafeChatSession - [HERMES_SESSION_CLEAR] history cleared, historySize=0
20:15:39.276 [pool-7-thread-5] INFO  com.hermes.sdk.client.ThreadSafeChatSession - [HERMES_SESSION_CLEAR] history cleared, historySize=0
20:15:39.276 [pool-7-thread-4] INFO  com.hermes.sdk.client.ThreadSafeChatSession - [HERMES_SESSION_CLEAR] history cleared, historySize=0
20:15:39.277 [pool-7-thread-1] INFO  com.hermes.sdk.client.ThreadSafeChatSession - [HERMES_SESSION_CLEAR] history cleared, historySize=0
]]></system-out>
  </testcase>
  <testcase name="testHistoryAccumulation" classname="com.hermes.sdk.client.ThreadSafeChatSessionTest" time="0.001">
    <system-out><![CDATA[20:15:39.280 [main] DEBUG com.hermes.sdk.client.ThreadSafeChatSession - [HERMES_CHAT_REQUEST] 发送消息: 第一轮
20:15:39.280 [main] DEBUG com.hermes.sdk.client.ThreadSafeChatSession - [HERMES_CHAT_RESPONSE] 收到响应: 17 chars, historySize=2
20:15:39.280 [main] DEBUG com.hermes.sdk.client.ThreadSafeChatSession - [HERMES_CHAT_REQUEST] 发送消息: 第二轮
20:15:39.280 [main] DEBUG com.hermes.sdk.client.ThreadSafeChatSession - [HERMES_CHAT_RESPONSE] 收到响应: 17 chars, historySize=4
20:15:39.280 [main] DEBUG com.hermes.sdk.client.ThreadSafeChatSession - [HERMES_CHAT_REQUEST] 发送消息: 第三轮
20:15:39.280 [main] DEBUG com.hermes.sdk.client.ThreadSafeChatSession - [HERMES_CHAT_RESPONSE] 收到响应: 17 chars, historySize=6
]]></system-out>
  </testcase>
  <testcase name="testChatWithSystemPrompt" classname="com.hermes.sdk.client.ThreadSafeChatSessionTest" time="0.002">
    <system-out><![CDATA[20:15:39.281 [main] DEBUG com.hermes.sdk.client.ThreadSafeChatSession - [HERMES_CHAT_REQUEST] systemPrompt=有, 消息: 我想写小说
20:15:39.282 [main] DEBUG com.hermes.sdk.client.ThreadSafeChatSession - [HERMES_CHAT_RESPONSE] 收到响应: 37 chars
20:15:39.282 [main] DEBUG com.hermes.sdk.client.ThreadSafeChatSession - [HERMES_CHAT_REQUEST] systemPrompt=有, 消息: 都市异能
20:15:39.283 [main] DEBUG com.hermes.sdk.client.ThreadSafeChatSession - [HERMES_CHAT_RESPONSE] 收到响应: 37 chars
]]></system-out>
  </testcase>
  <testcase name="testClearHistory" classname="com.hermes.sdk.client.ThreadSafeChatSessionTest" time="0.002">
    <system-out><![CDATA[20:15:39.284 [main] DEBUG com.hermes.sdk.client.ThreadSafeChatSession - [HERMES_CHAT_REQUEST] 发送消息: 测试消息
20:15:39.285 [main] DEBUG com.hermes.sdk.client.ThreadSafeChatSession - [HERMES_CHAT_RESPONSE] 收到响应: 17 chars, historySize=2
20:15:39.285 [main] INFO  com.hermes.sdk.client.ThreadSafeChatSession - [HERMES_SESSION_CLEAR] history cleared, historySize=0
]]></system-out>
  </testcase>
  <testcase name="testEmptyMessageThrows" classname="com.hermes.sdk.client.ThreadSafeChatSessionTest" time="0.001">
    <system-out><![CDATA[20:15:39.286 [main] DEBUG com.hermes.sdk.client.ThreadSafeChatSession - [HERMES_CHAT_REQUEST] 发送消息:    
20:15:39.286 [main] DEBUG com.hermes.sdk.client.ThreadSafeChatSession - [HERMES_CHAT_RESPONSE] 收到响应: 17 chars, historySize=2
]]></system-out>
  </testcase>
</testsuite>